<?xml version="1.0" encoding="UTF-8"?>
<coverage generated="1663152336718" clover="3.2.0">
  <project timestamp="1663152336718" name="All files">
    <metrics statements="534" coveredstatements="273" conditionals="249" coveredconditionals="85" methods="158" coveredmethods="50" elements="941" coveredelements="408" complexity="0" loc="534" ncloc="534" packages="6" files="12" classes="12"/>
    <package name="app.components.Provider">
      <metrics statements="3" coveredstatements="3" conditionals="2" coveredconditionals="2" methods="1" coveredmethods="1"/>
      <file name="index.tsx" path="/Users/dat/code/authentication-front-end/src/app/components/Provider/index.tsx">
        <metrics statements="3" coveredstatements="3" conditionals="2" coveredconditionals="2" methods="1" coveredmethods="1"/>
        <line num="5" count="31" type="stmt"/>
        <line num="8" count="52" type="stmt"/>
        <line num="10" count="52" type="stmt"/>
      </file>
    </package>
    <package name="app.pages.EventDetailPage.components">
      <metrics statements="87" coveredstatements="61" conditionals="29" coveredconditionals="14" methods="24" coveredmethods="14"/>
      <file name="AnnouncementModal.tsx" path="/Users/dat/code/authentication-front-end/src/app/pages/EventDetailPage/components/AnnouncementModal.tsx">
        <metrics statements="43" coveredstatements="22" conditionals="14" coveredconditionals="3" methods="11" coveredmethods="4"/>
        <line num="17" count="2" type="stmt"/>
        <line num="29" count="2" type="stmt"/>
        <line num="31" count="8" type="stmt"/>
        <line num="33" count="8" type="stmt"/>
        <line num="35" count="8" type="stmt"/>
        <line num="37" count="8" type="stmt"/>
        <line num="39" count="8" type="stmt"/>
        <line num="41" count="8" type="stmt"/>
        <line num="43" count="8" type="stmt"/>
        <line num="45" count="0" type="stmt"/>
        <line num="47" count="0" type="stmt"/>
        <line num="48" count="0" type="stmt"/>
        <line num="52" count="0" type="stmt"/>
        <line num="54" count="0" type="cond" truecount="0" falsecount="2"/>
        <line num="55" count="0" type="stmt"/>
        <line num="56" count="0" type="stmt"/>
        <line num="57" count="0" type="stmt"/>
        <line num="59" count="0" type="stmt"/>
        <line num="63" count="8" type="stmt"/>
        <line num="64" count="1" type="stmt"/>
        <line num="65" count="1" type="stmt"/>
        <line num="68" count="8" type="stmt"/>
        <line num="70" count="2" type="stmt"/>
        <line num="72" count="0" type="cond" truecount="0" falsecount="2"/>
        <line num="73" count="0" type="stmt"/>
        <line num="77" count="8" type="stmt"/>
        <line num="78" count="0" type="stmt"/>
        <line num="79" count="0" type="stmt"/>
        <line num="83" count="8" type="stmt"/>
        <line num="84" count="3" type="cond" truecount="2" falsecount="0"/>
        <line num="85" count="2" type="stmt"/>
        <line num="89" count="8" type="stmt"/>
        <line num="90" count="0" type="stmt"/>
        <line num="93" count="8" type="stmt"/>
        <line num="94" count="0" type="cond" truecount="0" falsecount="2"/>
        <line num="96" count="0" type="stmt"/>
        <line num="98" count="0" type="stmt"/>
        <line num="107" count="0" type="cond" truecount="0" falsecount="2"/>
        <line num="109" count="0" type="stmt"/>
        <line num="112" count="0" type="stmt"/>
        <line num="120" count="8" type="cond" truecount="1" falsecount="1"/>
        <line num="121" count="0" type="stmt"/>
        <line num="165" count="8" type="stmt"/>
      </file>
      <file name="ConfirmSharingInformationModal.tsx" path="/Users/dat/code/authentication-front-end/src/app/pages/EventDetailPage/components/ConfirmSharingInformationModal.tsx">
        <metrics statements="15" coveredstatements="15" conditionals="2" coveredconditionals="2" methods="4" coveredmethods="4"/>
        <line num="18" count="3" type="stmt"/>
        <line num="20" count="14" type="stmt"/>
        <line num="22" count="14" type="stmt"/>
        <line num="24" count="14" type="stmt"/>
        <line num="25" count="2" type="stmt"/>
        <line num="26" count="2" type="stmt"/>
        <line num="27" count="2" type="stmt"/>
        <line num="29" count="2" type="cond" truecount="2" falsecount="0"/>
        <line num="30" count="1" type="stmt"/>
        <line num="31" count="1" type="stmt"/>
        <line num="32" count="1" type="stmt"/>
        <line num="34" count="1" type="stmt"/>
        <line num="38" count="14" type="stmt"/>
        <line num="44" count="1" type="stmt"/>
        <line num="48" count="15" type="stmt"/>
      </file>
      <file name="EventAnnouncement.tsx" path="/Users/dat/code/authentication-front-end/src/app/pages/EventDetailPage/components/EventAnnouncement.tsx">
        <metrics statements="17" coveredstatements="12" conditionals="4" coveredconditionals="0" methods="6" coveredmethods="3"/>
        <line num="12" count="2" type="stmt"/>
        <line num="14" count="2" type="stmt"/>
        <line num="16" count="2" type="stmt"/>
        <line num="18" count="2" type="stmt"/>
        <line num="20" count="2" type="stmt"/>
        <line num="22" count="2" type="stmt"/>
        <line num="23" count="1" type="stmt"/>
        <line num="24" count="1" type="stmt"/>
        <line num="25" count="0" type="stmt"/>
        <line num="27" count="0" type="cond" truecount="0" falsecount="2"/>
        <line num="28" count="0" type="cond" truecount="0" falsecount="2"/>
        <line num="32" count="2" type="stmt"/>
        <line num="34" count="0" type="stmt"/>
        <line num="38" count="2" type="stmt"/>
        <line num="39" count="1" type="stmt"/>
        <line num="43" count="2" type="stmt"/>
        <line num="53" count="0" type="stmt"/>
      </file>
      <file name="InformationNotSharedMessage.tsx" path="/Users/dat/code/authentication-front-end/src/app/pages/EventDetailPage/components/InformationNotSharedMessage.tsx">
        <metrics statements="12" coveredstatements="12" conditionals="9" coveredconditionals="9" methods="3" coveredmethods="3"/>
        <line num="11" count="2" type="stmt"/>
        <line num="13" count="6" type="stmt"/>
        <line num="15" count="6" type="stmt"/>
        <line num="17" count="6" type="stmt"/>
        <line num="19" count="6" type="stmt"/>
        <line num="20" count="28" type="cond" truecount="4" falsecount="0"/>
        <line num="21" count="20" type="stmt"/>
        <line num="24" count="6" type="cond" truecount="5" falsecount="0"/>
        <line num="27" count="3" type="stmt"/>
        <line num="40" count="1" type="stmt"/>
        <line num="46" count="3" type="stmt"/>
        <line num="49" count="2" type="stmt"/>
      </file>
    </package>
    <package name="locales">
      <metrics statements="11" coveredstatements="11" conditionals="7" coveredconditionals="7" methods="2" coveredmethods="2"/>
      <file name="i18n.ts" path="/Users/dat/code/authentication-front-end/src/locales/i18n.ts">
        <metrics statements="3" coveredstatements="3" conditionals="2" coveredconditionals="2" methods="0" coveredmethods="0"/>
        <line num="8" count="88" type="stmt"/>
        <line num="15" count="88" type="stmt"/>
        <line num="17" count="88" type="stmt"/>
      </file>
      <file name="translations.ts" path="/Users/dat/code/authentication-front-end/src/locales/translations.ts">
        <metrics statements="8" coveredstatements="8" conditionals="5" coveredconditionals="5" methods="2" coveredmethods="2"/>
        <line num="7" count="88" type="stmt"/>
        <line num="15" count="88" type="stmt"/>
        <line num="20" count="5720" type="stmt"/>
        <line num="21" count="112024" type="cond" truecount="2" falsecount="0"/>
        <line num="22" count="112024" type="cond" truecount="2" falsecount="0"/>
        <line num="23" count="5632" type="stmt"/>
        <line num="24" count="5632" type="stmt"/>
        <line num="30" count="106392" type="stmt"/>
      </file>
    </package>
    <package name="services.live-data-server">
      <metrics statements="106" coveredstatements="53" conditionals="14" coveredconditionals="0" methods="48" coveredmethods="6"/>
      <file name="event-calendars.ts" path="/Users/dat/code/authentication-front-end/src/services/live-data-server/event-calendars.ts">
        <metrics statements="67" coveredstatements="33" conditionals="5" coveredconditionals="0" methods="31" coveredmethods="4"/>
        <line num="8" count="62" type="stmt"/>
        <line num="9" count="0" type="stmt"/>
        <line num="10" count="0" type="cond" truecount="0" falsecount="2"/>
        <line num="13" count="62" type="cond" truecount="0" falsecount="1"/>
        <line num="14" count="0" type="stmt"/>
        <line num="16" count="0" type="cond" truecount="0" falsecount="2"/>
        <line num="24" count="62" type="stmt"/>
        <line num="25" count="2" type="stmt"/>
        <line num="28" count="62" type="stmt"/>
        <line num="29" count="0" type="stmt"/>
        <line num="34" count="62" type="stmt"/>
        <line num="35" count="0" type="stmt"/>
        <line num="40" count="62" type="stmt"/>
        <line num="41" count="0" type="stmt"/>
        <line num="44" count="62" type="stmt"/>
        <line num="45" count="0" type="stmt"/>
        <line num="46" count="0" type="stmt"/>
        <line num="47" count="0" type="stmt"/>
        <line num="48" count="0" type="stmt"/>
        <line num="49" count="0" type="stmt"/>
        <line num="50" count="0" type="stmt"/>
        <line num="51" count="0" type="stmt"/>
        <line num="53" count="0" type="stmt"/>
        <line num="60" count="62" type="stmt"/>
        <line num="61" count="0" type="stmt"/>
        <line num="64" count="62" type="stmt"/>
        <line num="65" count="0" type="stmt"/>
        <line num="72" count="62" type="stmt"/>
        <line num="73" count="0" type="stmt"/>
        <line num="82" count="62" type="stmt"/>
        <line num="83" count="0" type="stmt"/>
        <line num="88" count="62" type="stmt"/>
        <line num="89" count="0" type="stmt"/>
        <line num="94" count="62" type="stmt"/>
        <line num="95" count="0" type="stmt"/>
        <line num="98" count="62" type="stmt"/>
        <line num="99" count="0" type="stmt"/>
        <line num="104" count="62" type="stmt"/>
        <line num="105" count="0" type="stmt"/>
        <line num="108" count="62" type="stmt"/>
        <line num="109" count="2" type="stmt"/>
        <line num="116" count="62" type="stmt"/>
        <line num="117" count="0" type="stmt"/>
        <line num="122" count="62" type="stmt"/>
        <line num="123" count="0" type="stmt"/>
        <line num="126" count="62" type="stmt"/>
        <line num="127" count="1" type="stmt"/>
        <line num="130" count="62" type="stmt"/>
        <line num="131" count="0" type="stmt"/>
        <line num="134" count="62" type="stmt"/>
        <line num="135" count="0" type="stmt"/>
        <line num="140" count="62" type="stmt"/>
        <line num="141" count="0" type="stmt"/>
        <line num="144" count="62" type="stmt"/>
        <line num="145" count="1" type="stmt"/>
        <line num="148" count="62" type="stmt"/>
        <line num="149" count="0" type="stmt"/>
        <line num="156" count="62" type="stmt"/>
        <line num="157" count="0" type="stmt"/>
        <line num="165" count="62" type="stmt"/>
        <line num="166" count="0" type="stmt"/>
        <line num="171" count="62" type="stmt"/>
        <line num="172" count="0" type="stmt"/>
        <line num="175" count="62" type="stmt"/>
        <line num="176" count="0" type="stmt"/>
        <line num="179" count="62" type="stmt"/>
        <line num="180" count="0" type="stmt"/>
      </file>
      <file name="participants.ts" path="/Users/dat/code/authentication-front-end/src/services/live-data-server/participants.ts">
        <metrics statements="39" coveredstatements="20" conditionals="9" coveredconditionals="0" methods="17" coveredmethods="2"/>
        <line num="7" count="6" type="cond" truecount="0" falsecount="1"/>
        <line num="8" count="0" type="stmt"/>
        <line num="16" count="6" type="cond" truecount="0" falsecount="1"/>
        <line num="17" count="2" type="stmt"/>
        <line num="25" count="6" type="stmt"/>
        <line num="26" count="0" type="stmt"/>
        <line num="27" count="0" type="cond" truecount="0" falsecount="2"/>
        <line num="28" count="0" type="stmt"/>
        <line num="30" count="0" type="stmt"/>
        <line num="32" count="0" type="cond" truecount="0" falsecount="2"/>
        <line num="40" count="6" type="stmt"/>
        <line num="41" count="0" type="stmt"/>
        <line num="44" count="6" type="stmt"/>
        <line num="45" count="0" type="stmt"/>
        <line num="50" count="6" type="stmt"/>
        <line num="51" count="0" type="stmt"/>
        <line num="54" count="6" type="stmt"/>
        <line num="55" count="0" type="stmt"/>
        <line num="58" count="6" type="stmt"/>
        <line num="59" count="0" type="stmt"/>
        <line num="62" count="6" type="stmt"/>
        <line num="63" count="0" type="stmt"/>
        <line num="68" count="6" type="stmt"/>
        <line num="69" count="0" type="stmt"/>
        <line num="72" count="6" type="cond" truecount="0" falsecount="3"/>
        <line num="73" count="2" type="stmt"/>
        <line num="74" count="2" type="stmt"/>
        <line num="83" count="6" type="stmt"/>
        <line num="84" count="0" type="stmt"/>
        <line num="91" count="6" type="stmt"/>
        <line num="92" count="0" type="stmt"/>
        <line num="95" count="6" type="stmt"/>
        <line num="96" count="0" type="stmt"/>
        <line num="99" count="6" type="stmt"/>
        <line num="100" count="0" type="stmt"/>
        <line num="103" count="6" type="stmt"/>
        <line num="104" count="0" type="stmt"/>
        <line num="110" count="6" type="stmt"/>
        <line num="111" count="0" type="stmt"/>
      </file>
    </package>
    <package name="types">
      <metrics statements="0" coveredstatements="0" conditionals="0" coveredconditionals="0" methods="0" coveredmethods="0"/>
      <file name="CalendarEvent.ts" path="/Users/dat/code/authentication-front-end/src/types/CalendarEvent.ts">
        <metrics statements="0" coveredstatements="0" conditionals="0" coveredconditionals="0" methods="0" coveredmethods="0"/>
      </file>
    </package>
    <package name="utils">
      <metrics statements="327" coveredstatements="145" conditionals="197" coveredconditionals="62" methods="83" coveredmethods="27"/>
      <file name="helpers.ts" path="/Users/dat/code/authentication-front-end/src/utils/helpers.ts">
        <metrics statements="319" coveredstatements="141" conditionals="197" coveredconditionals="62" methods="78" coveredmethods="25"/>
        <line num="16" count="63" type="stmt"/>
        <line num="17" count="0" type="stmt"/>
        <line num="19" count="0" type="cond" truecount="0" falsecount="6"/>
        <line num="20" count="0" type="stmt"/>
        <line num="23" count="63" type="stmt"/>
        <line num="24" count="0" type="stmt"/>
        <line num="27" count="63" type="stmt"/>
        <line num="28" count="0" type="stmt"/>
        <line num="29" count="0" type="stmt"/>
        <line num="31" count="0" type="stmt"/>
        <line num="32" count="0" type="stmt"/>
        <line num="34" count="0" type="stmt"/>
        <line num="35" count="0" type="stmt"/>
        <line num="36" count="0" type="stmt"/>
        <line num="39" count="0" type="cond" truecount="0" falsecount="4"/>
        <line num="41" count="0" type="stmt"/>
        <line num="44" count="0" type="stmt"/>
        <line num="47" count="63" type="stmt"/>
        <line num="49" count="0" type="stmt"/>
        <line num="51" count="0" type="stmt"/>
        <line num="52" count="0" type="stmt"/>
        <line num="54" count="0" type="stmt"/>
        <line num="56" count="0" type="stmt"/>
        <line num="57" count="0" type="stmt"/>
        <line num="60" count="63" type="stmt"/>
        <line num="62" count="0" type="stmt"/>
        <line num="63" count="0" type="stmt"/>
        <line num="64" count="0" type="stmt"/>
        <line num="65" count="0" type="stmt"/>
        <line num="67" count="0" type="stmt"/>
        <line num="72" count="63" type="stmt"/>
        <line num="73" count="0" type="stmt"/>
        <line num="74" count="0" type="stmt"/>
        <line num="75" count="0" type="cond" truecount="0" falsecount="2"/>
        <line num="76" count="0" type="stmt"/>
        <line num="77" count="0" type="stmt"/>
        <line num="78" count="0" type="stmt"/>
        <line num="79" count="0" type="stmt"/>
        <line num="90" count="63" type="stmt"/>
        <line num="91" count="0" type="stmt"/>
        <line num="92" count="0" type="cond" truecount="0" falsecount="2"/>
        <line num="93" count="0" type="stmt"/>
        <line num="96" count="0" type="stmt"/>
        <line num="105" count="63" type="stmt"/>
        <line num="107" count="0" type="stmt"/>
        <line num="108" count="0" type="stmt"/>
        <line num="109" count="0" type="stmt"/>
        <line num="110" count="0" type="stmt"/>
        <line num="111" count="0" type="stmt"/>
        <line num="113" count="0" type="stmt"/>
        <line num="114" count="0" type="stmt"/>
        <line num="117" count="0" type="stmt"/>
        <line num="124" count="63" type="stmt"/>
        <line num="125" count="0" type="cond" truecount="0" falsecount="2"/>
        <line num="127" count="0" type="stmt"/>
        <line num="135" count="63" type="stmt"/>
        <line num="136" count="0" type="cond" truecount="0" falsecount="2"/>
        <line num="137" count="0" type="stmt"/>
        <line num="138" count="0" type="stmt"/>
        <line num="141" count="0" type="stmt"/>
        <line num="150" count="63" type="cond" truecount="0" falsecount="1"/>
        <line num="151" count="0" type="cond" truecount="0" falsecount="2"/>
        <line num="153" count="0" type="cond" truecount="0" falsecount="2"/>
        <line num="155" count="0" type="stmt"/>
        <line num="158" count="63" type="stmt"/>
        <line num="159" count="3" type="cond" truecount="1" falsecount="1"/>
        <line num="161" count="0" type="stmt"/>
        <line num="163" count="0" type="cond" truecount="0" falsecount="2"/>
        <line num="165" count="0" type="stmt"/>
        <line num="171" count="63" type="stmt"/>
        <line num="172" count="0" type="stmt"/>
        <line num="180" count="63" type="stmt"/>
        <line num="181" count="0" type="stmt"/>
        <line num="182" count="0" type="stmt"/>
        <line num="188" count="63" type="stmt"/>
        <line num="189" count="0" type="cond" truecount="0" falsecount="2"/>
        <line num="190" count="0" type="stmt"/>
        <line num="191" count="0" type="stmt"/>
        <line num="195" count="63" type="stmt"/>
        <line num="196" count="0" type="stmt"/>
        <line num="197" count="0" type="stmt"/>
        <line num="198" count="0" type="cond" truecount="0" falsecount="2"/>
        <line num="206" count="63" type="stmt"/>
        <line num="207" count="0" type="stmt"/>
        <line num="209" count="0" type="cond" truecount="0" falsecount="2"/>
        <line num="210" count="0" type="cond" truecount="0" falsecount="2"/>
        <line num="211" count="0" type="cond" truecount="0" falsecount="4"/>
        <line num="212" count="0" type="stmt"/>
        <line num="213" count="0" type="cond" truecount="0" falsecount="2"/>
        <line num="214" count="0" type="stmt"/>
        <line num="215" count="0" type="stmt"/>
        <line num="216" count="0" type="stmt"/>
        <line num="217" count="0" type="stmt"/>
        <line num="221" count="0" type="stmt"/>
        <line num="228" count="63" type="stmt"/>
        <line num="229" count="0" type="stmt"/>
        <line num="230" count="0" type="cond" truecount="0" falsecount="4"/>
        <line num="232" count="0" type="stmt"/>
        <line num="233" count="0" type="stmt"/>
        <line num="234" count="0" type="stmt"/>
        <line num="235" count="0" type="stmt"/>
        <line num="236" count="0" type="cond" truecount="0" falsecount="2"/>
        <line num="237" count="0" type="stmt"/>
        <line num="238" count="0" type="stmt"/>
        <line num="248" count="63" type="stmt"/>
        <line num="249" count="0" type="stmt"/>
        <line num="250" count="0" type="stmt"/>
        <line num="251" count="0" type="cond" truecount="0" falsecount="2"/>
        <line num="252" count="0" type="stmt"/>
        <line num="255" count="0" type="stmt"/>
        <line num="263" count="63" type="stmt"/>
        <line num="264" count="0" type="stmt"/>
        <line num="265" count="0" type="stmt"/>
        <line num="266" count="0" type="cond" truecount="0" falsecount="2"/>
        <line num="267" count="0" type="stmt"/>
        <line num="270" count="0" type="stmt"/>
        <line num="277" count="63" type="stmt"/>
        <line num="278" count="0" type="cond" truecount="0" falsecount="2"/>
        <line num="279" count="0" type="stmt"/>
        <line num="281" count="0" type="cond" truecount="0" falsecount="4"/>
        <line num="282" count="0" type="stmt"/>
        <line num="290" count="63" type="cond" truecount="1" falsecount="0"/>
        <line num="291" count="6" type="cond" truecount="1" falsecount="1"/>
        <line num="292" count="0" type="stmt"/>
        <line num="293" count="0" type="stmt"/>
        <line num="296" count="6" type="cond" truecount="2" falsecount="0"/>
        <line num="297" count="1" type="stmt"/>
        <line num="298" count="1" type="stmt"/>
        <line num="299" count="1" type="cond" truecount="2" falsecount="0"/>
        <line num="301" count="1" type="cond" truecount="1" falsecount="1"/>
        <line num="303" count="1" type="cond" truecount="1" falsecount="1"/>
        <line num="304" count="0" type="stmt"/>
        <line num="305" count="0" type="stmt"/>
        <line num="308" count="1" type="cond" truecount="1" falsecount="1"/>
        <line num="309" count="1" type="stmt"/>
        <line num="310" count="0" type="cond" truecount="0" falsecount="2"/>
        <line num="311" count="0" type="stmt"/>
        <line num="313" count="0" type="cond" truecount="0" falsecount="2"/>
        <line num="314" count="0" type="stmt"/>
        <line num="315" count="0" type="cond" truecount="0" falsecount="2"/>
        <line num="318" count="5" type="stmt"/>
        <line num="327" count="63" type="stmt"/>
        <line num="328" count="13" type="stmt"/>
        <line num="329" count="0" type="stmt"/>
        <line num="334" count="0" type="stmt"/>
        <line num="346" count="63" type="stmt"/>
        <line num="348" count="6" type="stmt"/>
        <line num="349" count="6" type="stmt"/>
        <line num="350" count="0" type="stmt"/>
        <line num="353" count="6" type="stmt"/>
        <line num="354" count="6" type="stmt"/>
        <line num="355" count="6" type="stmt"/>
        <line num="356" count="6" type="stmt"/>
        <line num="357" count="6" type="stmt"/>
        <line num="359" count="6" type="stmt"/>
        <line num="360" count="70" type="stmt"/>
        <line num="361" count="70" type="stmt"/>
        <line num="362" count="70" type="cond" truecount="5" falsecount="0"/>
        <line num="363" count="8" type="stmt"/>
        <line num="365" count="70" type="stmt"/>
        <line num="368" count="88" type="stmt"/>
        <line num="370" count="6" type="stmt"/>
        <line num="371" count="64" type="cond" truecount="2" falsecount="0"/>
        <line num="372" count="64" type="stmt"/>
        <line num="373" count="64" type="stmt"/>
        <line num="375" count="64" type="cond" truecount="2" falsecount="0"/>
        <line num="376" count="10" type="stmt"/>
        <line num="378" count="54" type="cond" truecount="2" falsecount="0"/>
        <line num="379" count="4" type="stmt"/>
        <line num="382" count="54" type="cond" truecount="2" falsecount="0"/>
        <line num="383" count="8" type="stmt"/>
        <line num="386" count="46" type="cond" truecount="2" falsecount="0"/>
        <line num="387" count="46" type="cond" truecount="2" falsecount="0"/>
        <line num="388" count="6" type="stmt"/>
        <line num="390" count="40" type="stmt"/>
        <line num="396" count="6" type="stmt"/>
        <line num="398" count="6" type="stmt"/>
        <line num="406" count="63" type="stmt"/>
        <line num="407" count="6" type="cond" truecount="2" falsecount="0"/>
        <line num="408" count="1" type="stmt"/>
        <line num="409" count="1" type="stmt"/>
        <line num="410" count="9" type="stmt"/>
        <line num="411" count="8" type="stmt"/>
        <line num="412" count="8" type="stmt"/>
        <line num="415" count="1" type="stmt"/>
        <line num="418" count="5" type="stmt"/>
        <line num="426" count="63" type="stmt"/>
        <line num="427" count="6" type="stmt"/>
        <line num="428" count="54" type="stmt"/>
        <line num="429" count="29" type="stmt"/>
        <line num="431" count="6" type="cond" truecount="4" falsecount="0"/>
        <line num="432" count="2" type="stmt"/>
        <line num="433" count="2" type="stmt"/>
        <line num="434" count="10" type="cond" truecount="2" falsecount="0"/>
        <line num="435" count="2" type="stmt"/>
        <line num="437" count="8" type="stmt"/>
        <line num="441" count="6" type="cond" truecount="2" falsecount="0"/>
        <line num="442" count="2" type="stmt"/>
        <line num="444" count="4" type="stmt"/>
        <line num="447" count="63" type="stmt"/>
        <line num="448" count="1" type="cond" truecount="5" falsecount="0"/>
        <line num="455" count="63" type="stmt"/>
        <line num="456" count="8" type="cond" truecount="1" falsecount="1"/>
        <line num="457" count="0" type="stmt"/>
        <line num="458" count="0" type="stmt"/>
        <line num="459" count="0" type="cond" truecount="0" falsecount="2"/>
        <line num="460" count="0" type="stmt"/>
        <line num="461" count="0" type="stmt"/>
        <line num="468" count="63" type="stmt"/>
        <line num="469" count="0" type="cond" truecount="0" falsecount="4"/>
        <line num="472" count="63" type="stmt"/>
        <line num="473" count="0" type="cond" truecount="0" falsecount="2"/>
        <line num="474" count="0" type="stmt"/>
        <line num="476" count="0" type="stmt"/>
        <line num="480" count="63" type="stmt"/>
        <line num="481" count="0" type="cond" truecount="0" falsecount="2"/>
        <line num="484" count="63" type="stmt"/>
        <line num="485" count="0" type="cond" truecount="0" falsecount="2"/>
        <line num="486" count="0" type="stmt"/>
        <line num="487" count="0" type="cond" truecount="0" falsecount="4"/>
        <line num="488" count="0" type="stmt"/>
        <line num="490" count="0" type="cond" truecount="0" falsecount="2"/>
        <line num="491" count="0" type="stmt"/>
        <line num="496" count="0" type="stmt"/>
        <line num="499" count="63" type="stmt"/>
        <line num="500" count="0" type="stmt"/>
        <line num="501" count="0" type="cond" truecount="0" falsecount="2"/>
        <line num="502" count="0" type="stmt"/>
        <line num="505" count="0" type="stmt"/>
        <line num="508" count="63" type="stmt"/>
        <line num="509" count="0" type="stmt"/>
        <line num="510" count="0" type="cond" truecount="0" falsecount="2"/>
        <line num="511" count="0" type="stmt"/>
        <line num="515" count="0" type="stmt"/>
        <line num="521" count="63" type="stmt"/>
        <line num="522" count="20" type="cond" truecount="5" falsecount="0"/>
        <line num="524" count="4" type="stmt"/>
        <line num="526" count="4" type="stmt"/>
        <line num="528" count="4" type="stmt"/>
        <line num="530" count="4" type="stmt"/>
        <line num="532" count="4" type="stmt"/>
        <line num="536" count="63" type="stmt"/>
        <line num="537" count="62" type="stmt"/>
        <line num="538" count="62" type="stmt"/>
        <line num="539" count="62" type="stmt"/>
        <line num="541" count="0" type="stmt"/>
        <line num="542" count="0" type="cond" truecount="0" falsecount="2"/>
        <line num="543" count="0" type="stmt"/>
        <line num="544" count="0" type="stmt"/>
        <line num="545" count="0" type="stmt"/>
        <line num="548" count="0" type="stmt"/>
        <line num="552" count="63" type="stmt"/>
        <line num="553" count="0" type="stmt"/>
        <line num="554" count="0" type="cond" truecount="0" falsecount="2"/>
        <line num="555" count="0" type="stmt"/>
        <line num="558" count="63" type="stmt"/>
        <line num="559" count="2" type="cond" truecount="4" falsecount="0"/>
        <line num="562" count="63" type="stmt"/>
        <line num="563" count="2" type="stmt"/>
        <line num="564" count="2" type="stmt"/>
        <line num="565" count="0" type="cond" truecount="0" falsecount="2"/>
        <line num="566" count="0" type="stmt"/>
        <line num="567" count="0" type="cond" truecount="0" falsecount="2"/>
        <line num="568" count="0" type="stmt"/>
        <line num="569" count="0" type="cond" truecount="0" falsecount="2"/>
        <line num="570" count="0" type="stmt"/>
        <line num="571" count="0" type="stmt"/>
        <line num="576" count="2" type="cond" truecount="3" falsecount="1"/>
        <line num="577" count="0" type="stmt"/>
        <line num="580" count="2" type="stmt"/>
        <line num="583" count="63" type="cond" truecount="0" falsecount="2"/>
        <line num="584" count="0" type="cond" truecount="0" falsecount="2"/>
        <line num="585" count="0" type="cond" truecount="0" falsecount="2"/>
        <line num="586" count="0" type="stmt"/>
        <line num="589" count="63" type="stmt"/>
        <line num="598" count="0" type="stmt"/>
        <line num="599" count="0" type="stmt"/>
        <line num="602" count="0" type="cond" truecount="0" falsecount="2"/>
        <line num="603" count="0" type="cond" truecount="0" falsecount="2"/>
        <line num="605" count="0" type="stmt"/>
        <line num="608" count="0" type="cond" truecount="0" falsecount="4"/>
        <line num="609" count="0" type="cond" truecount="0" falsecount="4"/>
        <line num="610" count="0" type="stmt"/>
        <line num="614" count="63" type="stmt"/>
        <line num="615" count="0" type="cond" truecount="0" falsecount="4"/>
        <line num="616" count="0" type="stmt"/>
        <line num="619" count="0" type="stmt"/>
        <line num="622" count="63" type="stmt"/>
        <line num="623" count="2" type="stmt"/>
        <line num="624" count="2" type="stmt"/>
        <line num="625" count="2" type="stmt"/>
        <line num="626" count="2" type="stmt"/>
        <line num="627" count="2" type="stmt"/>
        <line num="628" count="2" type="cond" truecount="2" falsecount="0"/>
        <line num="630" count="2" type="cond" truecount="1" falsecount="1"/>
        <line num="631" count="0" type="cond" truecount="0" falsecount="2"/>
        <line num="632" count="0" type="stmt"/>
        <line num="634" count="0" type="stmt"/>
        <line num="637" count="2" type="stmt"/>
        <line num="641" count="2" type="stmt"/>
        <line num="645" count="63" type="stmt"/>
        <line num="646" count="4" type="stmt"/>
        <line num="647" count="4" type="stmt"/>
        <line num="648" count="4" type="stmt"/>
        <line num="650" count="4" type="stmt"/>
        <line num="653" count="63" type="stmt"/>
        <line num="654" count="2" type="stmt"/>
        <line num="656" count="2" type="cond" truecount="2" falsecount="3"/>
        <line num="657" count="0" type="stmt"/>
        <line num="659" count="2" type="cond" truecount="2" falsecount="3"/>
        <line num="662" count="0" type="stmt"/>
        <line num="664" count="2" type="stmt"/>
        <line num="667" count="63" type="stmt"/>
        <line num="668" count="0" type="cond" truecount="0" falsecount="2"/>
        <line num="669" count="0" type="stmt"/>
        <line num="670" count="0" type="cond" truecount="0" falsecount="2"/>
        <line num="671" count="0" type="stmt"/>
        <line num="674" count="0" type="stmt"/>
        <line num="678" count="0" type="stmt"/>
      </file>
      <file name="test-helpers.ts" path="/Users/dat/code/authentication-front-end/src/utils/test-helpers.ts">
        <metrics statements="8" coveredstatements="4" conditionals="0" coveredconditionals="0" methods="5" coveredmethods="2"/>
        <line num="1" count="6" type="stmt"/>
        <line num="2" count="8" type="stmt"/>
        <line num="4" count="54" type="stmt"/>
        <line num="17" count="6" type="stmt"/>
        <line num="18" count="0" type="stmt"/>
        <line num="19" count="0" type="stmt"/>
        <line num="20" count="0" type="stmt"/>
        <line num="21" count="0" type="stmt"/>
      </file>
    </package>
  </project>
</coverage>
