{"/Users/dat/code/authentication-front-end/src/app/components/Provider/index.tsx": {"path":"/Users/dat/code/authentication-front-end/src/app/components/Provider/index.tsx","statementMap":{"0":{"start":{"line":5,"column":14},"end":{"line":5,"column":33}},"1":{"start":{"line":8,"column":38},"end":{"line":8,"column":43}},"2":{"start":{"line":10,"column":4},"end":{"line":14,"column":6}}},"fnMap":{"0":{"name":"MyProvider","decl":{"start":{"line":7,"column":24},"end":{"line":7,"column":34}},"loc":{"start":{"line":7,"column":42},"end":{"line":15,"column":3}},"line":7}},"branchMap":{"0":{"loc":{"start":{"line":11,"column":23},"end":{"line":11,"column":43}},"type":"binary-expr","locations":[{"start":{"line":11,"column":23},"end":{"line":11,"column":34}},{"start":{"line":11,"column":38},"end":{"line":11,"column":43}}],"line":11}},"s":{"0":31,"1":52,"2":52},"f":{"0":52},"b":{"0":[52,52]},"_coverageSchema":"1a1c01bbd47fc00a2c39e90264f33305004495a9","hash":"5717d84824389c294110f035389cf9e4a5afa4e6"}
,"/Users/dat/code/authentication-front-end/src/app/pages/EventDetailPage/components/AnnouncementModal.tsx": {"path":"/Users/dat/code/authentication-front-end/src/app/pages/EventDetailPage/components/AnnouncementModal.tsx","statementMap":{"0":{"start":{"line":17,"column":19},"end":{"line":20,"column":1}},"1":{"start":{"line":29,"column":33},"end":{"line":177,"column":1}},"2":{"start":{"line":31,"column":38},"end":{"line":31,"column":68}},"3":{"start":{"line":33,"column":44},"end":{"line":33,"column":77}},"4":{"start":{"line":35,"column":56},"end":{"line":35,"column":102}},"5":{"start":{"line":37,"column":19},"end":{"line":37,"column":28}},"6":{"start":{"line":39,"column":18},"end":{"line":39,"column":34}},"7":{"start":{"line":41,"column":20},"end":{"line":41,"column":32}},"8":{"start":{"line":43,"column":21},"end":{"line":61,"column":5}},"9":{"start":{"line":45,"column":44},"end":{"line":45,"column":50}},"10":{"start":{"line":47,"column":8},"end":{"line":47,"column":27}},"11":{"start":{"line":48,"column":25},"end":{"line":51,"column":10}},"12":{"start":{"line":52,"column":8},"end":{"line":52,"column":28}},"13":{"start":{"line":54,"column":8},"end":{"line":60,"column":9}},"14":{"start":{"line":55,"column":12},"end":{"line":55,"column":116}},"15":{"start":{"line":56,"column":12},"end":{"line":56,"column":24}},"16":{"start":{"line":57,"column":12},"end":{"line":57,"column":27}},"17":{"start":{"line":59,"column":12},"end":{"line":59,"column":59}},"18":{"start":{"line":63,"column":22},"end":{"line":66,"column":5}},"19":{"start":{"line":64,"column":8},"end":{"line":64,"column":28}},"20":{"start":{"line":65,"column":8},"end":{"line":65,"column":27}},"21":{"start":{"line":68,"column":36},"end":{"line":75,"column":5}},"22":{"start":{"line":70,"column":25},"end":{"line":70,"column":107}},"23":{"start":{"line":72,"column":8},"end":{"line":74,"column":9}},"24":{"start":{"line":73,"column":12},"end":{"line":73,"column":49}},"25":{"start":{"line":77,"column":35},"end":{"line":81,"column":5}},"26":{"start":{"line":78,"column":8},"end":{"line":80,"column":25}},"27":{"start":{"line":78,"column":49},"end":{"line":80,"column":24}},"28":{"start":{"line":79,"column":40},"end":{"line":79,"column":75}},"29":{"start":{"line":83,"column":4},"end":{"line":87,"column":16}},"30":{"start":{"line":84,"column":8},"end":{"line":85,"column":38}},"31":{"start":{"line":85,"column":12},"end":{"line":85,"column":38}},"32":{"start":{"line":89,"column":27},"end":{"line":91,"column":5}},"33":{"start":{"line":90,"column":8},"end":{"line":90,"column":46}},"34":{"start":{"line":93,"column":45},"end":{"line":118,"column":5}},"35":{"start":{"line":94,"column":8},"end":{"line":117,"column":9}},"36":{"start":{"line":96,"column":16},"end":{"line":96,"column":29}},"37":{"start":{"line":98,"column":16},"end":{"line":116,"column":28}},"38":{"start":{"line":107,"column":28},"end":{"line":110,"column":29}},"39":{"start":{"line":109,"column":32},"end":{"line":109,"column":112}},"40":{"start":{"line":112,"column":28},"end":{"line":112,"column":41}},"41":{"start":{"line":120,"column":4},"end":{"line":163,"column":10}},"42":{"start":{"line":121,"column":8},"end":{"line":163,"column":10}},"43":{"start":{"line":165,"column":4},"end":{"line":176,"column":5}}},"fnMap":{"0":{"name":"(anonymous_0)","decl":{"start":{"line":29,"column":33},"end":{"line":29,"column":34}},"loc":{"start":{"line":29,"column":107},"end":{"line":177,"column":1}},"line":29},"1":{"name":"(anonymous_1)","decl":{"start":{"line":43,"column":21},"end":{"line":43,"column":22}},"loc":{"start":{"line":43,"column":39},"end":{"line":61,"column":5}},"line":43},"2":{"name":"(anonymous_2)","decl":{"start":{"line":63,"column":22},"end":{"line":63,"column":23}},"loc":{"start":{"line":63,"column":28},"end":{"line":66,"column":5}},"line":63},"3":{"name":"(anonymous_3)","decl":{"start":{"line":68,"column":36},"end":{"line":68,"column":37}},"loc":{"start":{"line":68,"column":48},"end":{"line":75,"column":5}},"line":68},"4":{"name":"(anonymous_4)","decl":{"start":{"line":77,"column":35},"end":{"line":77,"column":36}},"loc":{"start":{"line":77,"column":41},"end":{"line":81,"column":5}},"line":77},"5":{"name":"(anonymous_5)","decl":{"start":{"line":78,"column":32},"end":{"line":78,"column":33}},"loc":{"start":{"line":78,"column":49},"end":{"line":80,"column":24}},"line":78},"6":{"name":"(anonymous_6)","decl":{"start":{"line":79,"column":33},"end":{"line":79,"column":34}},"loc":{"start":{"line":79,"column":40},"end":{"line":79,"column":75}},"line":79},"7":{"name":"(anonymous_7)","decl":{"start":{"line":83,"column":20},"end":{"line":83,"column":21}},"loc":{"start":{"line":83,"column":26},"end":{"line":87,"column":5}},"line":83},"8":{"name":"(anonymous_8)","decl":{"start":{"line":89,"column":27},"end":{"line":89,"column":28}},"loc":{"start":{"line":89,"column":34},"end":{"line":91,"column":5}},"line":89},"9":{"name":"(anonymous_9)","decl":{"start":{"line":93,"column":45},"end":{"line":93,"column":46}},"loc":{"start":{"line":93,"column":51},"end":{"line":118,"column":5}},"line":93},"10":{"name":"(anonymous_10)","decl":{"start":{"line":106,"column":38},"end":{"line":106,"column":39}},"loc":{"start":{"line":106,"column":57},"end":{"line":113,"column":25}},"line":106}},"branchMap":{"0":{"loc":{"start":{"line":50,"column":28},"end":{"line":50,"column":48}},"type":"binary-expr","locations":[{"start":{"line":50,"column":28},"end":{"line":50,"column":42}},{"start":{"line":50,"column":46},"end":{"line":50,"column":48}}],"line":50},"1":{"loc":{"start":{"line":54,"column":8},"end":{"line":60,"column":9}},"type":"if","locations":[{"start":{"line":54,"column":8},"end":{"line":60,"column":9}},{"start":{"line":58,"column":15},"end":{"line":60,"column":9}}],"line":54},"2":{"loc":{"start":{"line":72,"column":8},"end":{"line":74,"column":9}},"type":"if","locations":[{"start":{"line":72,"column":8},"end":{"line":74,"column":9}},{"start":{},"end":{}}],"line":72},"3":{"loc":{"start":{"line":84,"column":8},"end":{"line":85,"column":38}},"type":"if","locations":[{"start":{"line":84,"column":8},"end":{"line":85,"column":38}},{"start":{},"end":{}}],"line":84},"4":{"loc":{"start":{"line":94,"column":8},"end":{"line":117,"column":9}},"type":"switch","locations":[{"start":{"line":95,"column":12},"end":{"line":96,"column":29}},{"start":{"line":97,"column":12},"end":{"line":116,"column":28}}],"line":94},"5":{"loc":{"start":{"line":107,"column":28},"end":{"line":110,"column":29}},"type":"if","locations":[{"start":{"line":107,"column":28},"end":{"line":110,"column":29}},{"start":{},"end":{}}],"line":107},"6":{"loc":{"start":{"line":120,"column":4},"end":{"line":163,"column":10}},"type":"if","locations":[{"start":{"line":120,"column":4},"end":{"line":163,"column":10}},{"start":{},"end":{}}],"line":120}},"s":{"0":2,"1":2,"2":8,"3":8,"4":8,"5":8,"6":8,"7":8,"8":8,"9":0,"10":0,"11":0,"12":0,"13":0,"14":0,"15":0,"16":0,"17":0,"18":8,"19":1,"20":1,"21":8,"22":2,"23":0,"24":0,"25":8,"26":0,"27":0,"28":0,"29":8,"30":3,"31":2,"32":8,"33":0,"34":8,"35":0,"36":0,"37":0,"38":0,"39":0,"40":0,"41":8,"42":0,"43":8},"f":{"0":8,"1":0,"2":1,"3":2,"4":0,"5":0,"6":0,"7":3,"8":0,"9":0,"10":0},"b":{"0":[0,0],"1":[0,0],"2":[0,0],"3":[2,1],"4":[0,0],"5":[0,0],"6":[0,8]},"_coverageSchema":"1a1c01bbd47fc00a2c39e90264f33305004495a9","hash":"38717c7cabd13a54cfe9697df1948a2431493f16"}
,"/Users/dat/code/authentication-front-end/src/app/pages/EventDetailPage/components/ConfirmSharingInformationModal.tsx": {"path":"/Users/dat/code/authentication-front-end/src/app/pages/EventDetailPage/components/ConfirmSharingInformationModal.tsx","statementMap":{"0":{"start":{"line":18,"column":46},"end":{"line":52,"column":1}},"1":{"start":{"line":20,"column":18},"end":{"line":20,"column":34}},"2":{"start":{"line":22,"column":38},"end":{"line":22,"column":68}},"3":{"start":{"line":24,"column":29},"end":{"line":36,"column":5}},"4":{"start":{"line":25,"column":8},"end":{"line":25,"column":27}},"5":{"start":{"line":26,"column":25},"end":{"line":26,"column":109}},"6":{"start":{"line":27,"column":8},"end":{"line":27,"column":28}},"7":{"start":{"line":29,"column":8},"end":{"line":35,"column":9}},"8":{"start":{"line":30,"column":12},"end":{"line":30,"column":116}},"9":{"start":{"line":31,"column":12},"end":{"line":31,"column":32}},"10":{"start":{"line":32,"column":12},"end":{"line":32,"column":27}},"11":{"start":{"line":34,"column":12},"end":{"line":34,"column":59}},"12":{"start":{"line":38,"column":4},"end":{"line":51,"column":5}},"13":{"start":{"line":44,"column":28},"end":{"line":44,"column":47}},"14":{"start":{"line":48,"column":63},"end":{"line":48,"column":97}}},"fnMap":{"0":{"name":"(anonymous_0)","decl":{"start":{"line":18,"column":46},"end":{"line":18,"column":47}},"loc":{"start":{"line":18,"column":154},"end":{"line":52,"column":1}},"line":18},"1":{"name":"(anonymous_1)","decl":{"start":{"line":24,"column":29},"end":{"line":24,"column":30}},"loc":{"start":{"line":24,"column":41},"end":{"line":36,"column":5}},"line":24},"2":{"name":"(anonymous_2)","decl":{"start":{"line":44,"column":22},"end":{"line":44,"column":23}},"loc":{"start":{"line":44,"column":28},"end":{"line":44,"column":47}},"line":44},"3":{"name":"(anonymous_3)","decl":{"start":{"line":48,"column":41},"end":{"line":48,"column":42}},"loc":{"start":{"line":48,"column":63},"end":{"line":48,"column":97}},"line":48}},"branchMap":{"0":{"loc":{"start":{"line":29,"column":8},"end":{"line":35,"column":9}},"type":"if","locations":[{"start":{"line":29,"column":8},"end":{"line":35,"column":9}},{"start":{"line":33,"column":15},"end":{"line":35,"column":9}}],"line":29}},"s":{"0":3,"1":14,"2":14,"3":14,"4":2,"5":2,"6":2,"7":2,"8":1,"9":1,"10":1,"11":1,"12":14,"13":1,"14":15},"f":{"0":14,"1":2,"2":1,"3":15},"b":{"0":[1,1]},"_coverageSchema":"1a1c01bbd47fc00a2c39e90264f33305004495a9","hash":"177cb70d6940f47b8fb00c7c9fd4ffcd5321a407"}
,"/Users/dat/code/authentication-front-end/src/app/pages/EventDetailPage/components/EventAnnouncement.tsx": {"path":"/Users/dat/code/authentication-front-end/src/app/pages/EventDetailPage/components/EventAnnouncement.tsx","statementMap":{"0":{"start":{"line":12,"column":33},"end":{"line":64,"column":2}},"1":{"start":{"line":14,"column":22},"end":{"line":14,"column":27}},"2":{"start":{"line":16,"column":38},"end":{"line":16,"column":68}},"3":{"start":{"line":18,"column":18},"end":{"line":18,"column":34}},"4":{"start":{"line":20,"column":46},"end":{"line":20,"column":71}},"5":{"start":{"line":22,"column":33},"end":{"line":30,"column":5}},"6":{"start":{"line":23,"column":8},"end":{"line":23,"column":27}},"7":{"start":{"line":24,"column":25},"end":{"line":24,"column":58}},"8":{"start":{"line":25,"column":8},"end":{"line":25,"column":28}},"9":{"start":{"line":27,"column":8},"end":{"line":29,"column":9}},"10":{"start":{"line":28,"column":12},"end":{"line":28,"column":56}},"11":{"start":{"line":32,"column":4},"end":{"line":36,"column":8}},"12":{"start":{"line":32,"column":42},"end":{"line":36,"column":5}},"13":{"start":{"line":34,"column":12},"end":{"line":34,"column":35}},"14":{"start":{"line":38,"column":4},"end":{"line":41,"column":11}},"15":{"start":{"line":39,"column":8},"end":{"line":39,"column":31}},"16":{"start":{"line":43,"column":4},"end":{"line":63,"column":5}},"17":{"start":{"line":53,"column":16},"end":{"line":60,"column":28}}},"fnMap":{"0":{"name":"(anonymous_0)","decl":{"start":{"line":12,"column":60},"end":{"line":12,"column":61}},"loc":{"start":{"line":12,"column":76},"end":{"line":64,"column":1}},"line":12},"1":{"name":"(anonymous_1)","decl":{"start":{"line":22,"column":33},"end":{"line":22,"column":34}},"loc":{"start":{"line":22,"column":45},"end":{"line":30,"column":5}},"line":22},"2":{"name":"(anonymous_2)","decl":{"start":{"line":32,"column":35},"end":{"line":32,"column":36}},"loc":{"start":{"line":32,"column":42},"end":{"line":36,"column":5}},"line":32},"3":{"name":"(anonymous_3)","decl":{"start":{"line":33,"column":8},"end":{"line":33,"column":9}},"loc":{"start":{"line":33,"column":31},"end":{"line":35,"column":9}},"line":33},"4":{"name":"(anonymous_4)","decl":{"start":{"line":38,"column":20},"end":{"line":38,"column":21}},"loc":{"start":{"line":38,"column":26},"end":{"line":41,"column":5}},"line":38},"5":{"name":"(anonymous_5)","decl":{"start":{"line":52,"column":24},"end":{"line":52,"column":25}},"loc":{"start":{"line":53,"column":16},"end":{"line":60,"column":28}},"line":53}},"branchMap":{"0":{"loc":{"start":{"line":27,"column":8},"end":{"line":29,"column":9}},"type":"if","locations":[{"start":{"line":27,"column":8},"end":{"line":29,"column":9}},{"start":{},"end":{}}],"line":27},"1":{"loc":{"start":{"line":28,"column":29},"end":{"line":28,"column":54}},"type":"binary-expr","locations":[{"start":{"line":28,"column":29},"end":{"line":28,"column":48}},{"start":{"line":28,"column":52},"end":{"line":28,"column":54}}],"line":28}},"s":{"0":2,"1":2,"2":2,"3":2,"4":2,"5":2,"6":1,"7":1,"8":0,"9":0,"10":0,"11":2,"12":0,"13":0,"14":2,"15":1,"16":2,"17":0},"f":{"0":2,"1":1,"2":0,"3":0,"4":1,"5":0},"b":{"0":[0,0],"1":[0,0]},"_coverageSchema":"1a1c01bbd47fc00a2c39e90264f33305004495a9","hash":"3295fb26a44ea2101654c82b7db187418be76d24"}
,"/Users/dat/code/authentication-front-end/src/app/pages/EventDetailPage/components/InformationNotSharedMessage.tsx": {"path":"/Users/dat/code/authentication-front-end/src/app/pages/EventDetailPage/components/InformationNotSharedMessage.tsx","statementMap":{"0":{"start":{"line":11,"column":36},"end":{"line":47,"column":1}},"1":{"start":{"line":13,"column":18},"end":{"line":13,"column":34}},"2":{"start":{"line":15,"column":92},"end":{"line":15,"column":122}},"3":{"start":{"line":17,"column":37},"end":{"line":17,"column":39}},"4":{"start":{"line":19,"column":4},"end":{"line":22,"column":7}},"5":{"start":{"line":20,"column":8},"end":{"line":21,"column":90}},"6":{"start":{"line":21,"column":12},"end":{"line":21,"column":90}},"7":{"start":{"line":24,"column":4},"end":{"line":44,"column":10}},"8":{"start":{"line":27,"column":8},"end":{"line":44,"column":10}},"9":{"start":{"line":40,"column":59},"end":{"line":40,"column":104}},"10":{"start":{"line":46,"column":4},"end":{"line":46,"column":19}},"11":{"start":{"line":49,"column":16},"end":{"line":52,"column":1}}},"fnMap":{"0":{"name":"(anonymous_0)","decl":{"start":{"line":11,"column":36},"end":{"line":11,"column":37}},"loc":{"start":{"line":11,"column":124},"end":{"line":47,"column":1}},"line":11},"1":{"name":"(anonymous_1)","decl":{"start":{"line":19,"column":31},"end":{"line":19,"column":32}},"loc":{"start":{"line":19,"column":38},"end":{"line":22,"column":5}},"line":19},"2":{"name":"(anonymous_2)","decl":{"start":{"line":40,"column":53},"end":{"line":40,"column":54}},"loc":{"start":{"line":40,"column":59},"end":{"line":40,"column":104}},"line":40}},"branchMap":{"0":{"loc":{"start":{"line":20,"column":8},"end":{"line":21,"column":90}},"type":"if","locations":[{"start":{"line":20,"column":8},"end":{"line":21,"column":90}},{"start":{},"end":{}}],"line":20},"1":{"loc":{"start":{"line":20,"column":12},"end":{"line":20,"column":79}},"type":"binary-expr","locations":[{"start":{"line":20,"column":12},"end":{"line":20,"column":56}},{"start":{"line":20,"column":60},"end":{"line":20,"column":79}}],"line":20},"2":{"loc":{"start":{"line":24,"column":4},"end":{"line":44,"column":10}},"type":"if","locations":[{"start":{"line":24,"column":4},"end":{"line":44,"column":10}},{"start":{},"end":{}}],"line":24},"3":{"loc":{"start":{"line":24,"column":8},"end":{"line":26,"column":41}},"type":"binary-expr","locations":[{"start":{"line":24,"column":8},"end":{"line":24,"column":27}},{"start":{"line":25,"column":11},"end":{"line":25,"column":58}},{"start":{"line":26,"column":11},"end":{"line":26,"column":41}}],"line":24}},"s":{"0":2,"1":6,"2":6,"3":6,"4":6,"5":28,"6":20,"7":6,"8":3,"9":1,"10":3,"11":2},"f":{"0":6,"1":28,"2":1},"b":{"0":[20,8],"1":[28,20],"2":[3,3],"3":[6,4,3]},"_coverageSchema":"1a1c01bbd47fc00a2c39e90264f33305004495a9","hash":"9d135913196b29a60351df4f85cea94b43871659"}
,"/Users/dat/code/authentication-front-end/src/locales/i18n.ts": {"path":"/Users/dat/code/authentication-front-end/src/locales/i18n.ts","statementMap":{"0":{"start":{"line":8,"column":32},"end":{"line":12,"column":1}},"1":{"start":{"line":15,"column":0},"end":{"line":15,"column":32}},"2":{"start":{"line":17,"column":20},"end":{"line":34,"column":4}}},"fnMap":{},"branchMap":{"0":{"loc":{"start":{"line":29,"column":6},"end":{"line":29,"column":78}},"type":"binary-expr","locations":[{"start":{"line":29,"column":6},"end":{"line":29,"column":43}},{"start":{"line":29,"column":47},"end":{"line":29,"column":78}}],"line":29}},"s":{"0":88,"1":88,"2":88},"f":{},"b":{"0":[88,88]},"_coverageSchema":"1a1c01bbd47fc00a2c39e90264f33305004495a9","hash":"8fdbef04b0a53add5b52b6ad7ac9e3c0fcc734b6"}
,"/Users/dat/code/authentication-front-end/src/locales/translations.ts": {"path":"/Users/dat/code/authentication-front-end/src/locales/translations.ts","statementMap":{"0":{"start":{"line":7,"column":72},"end":{"line":7,"column":81}},"1":{"start":{"line":15,"column":43},"end":{"line":33,"column":1}},"2":{"start":{"line":20,"column":2},"end":{"line":32,"column":5}},"3":{"start":{"line":21,"column":29},"end":{"line":21,"column":64}},"4":{"start":{"line":22,"column":4},"end":{"line":31,"column":5}},"5":{"start":{"line":23,"column":6},"end":{"line":23,"column":31}},"6":{"start":{"line":24,"column":6},"end":{"line":28,"column":8}},"7":{"start":{"line":30,"column":6},"end":{"line":30,"column":45}}},"fnMap":{"0":{"name":"(anonymous_0)","decl":{"start":{"line":15,"column":43},"end":{"line":15,"column":44}},"loc":{"start":{"line":19,"column":5},"end":{"line":33,"column":1}},"line":19},"1":{"name":"(anonymous_1)","decl":{"start":{"line":20,"column":28},"end":{"line":20,"column":29}},"loc":{"start":{"line":20,"column":35},"end":{"line":32,"column":3}},"line":20}},"branchMap":{"0":{"loc":{"start":{"line":17,"column":2},"end":{"line":17,"column":31}},"type":"default-arg","locations":[{"start":{"line":17,"column":19},"end":{"line":17,"column":31}}],"line":17},"1":{"loc":{"start":{"line":21,"column":29},"end":{"line":21,"column":64}},"type":"cond-expr","locations":[{"start":{"line":21,"column":39},"end":{"line":21,"column":58}},{"start":{"line":21,"column":61},"end":{"line":21,"column":64}}],"line":21},"2":{"loc":{"start":{"line":22,"column":4},"end":{"line":31,"column":5}},"type":"if","locations":[{"start":{"line":22,"column":4},"end":{"line":31,"column":5}},{"start":{"line":29,"column":11},"end":{"line":31,"column":5}}],"line":22}},"s":{"0":88,"1":88,"2":5720,"3":112024,"4":112024,"5":5632,"6":5632,"7":106392},"f":{"0":5720,"1":112024},"b":{"0":[88],"1":[107536,4488],"2":[5632,106392]},"_coverageSchema":"1a1c01bbd47fc00a2c39e90264f33305004495a9","hash":"b2bd9e8a374428633bd1c4c7fe0186048b6b27b6"}
,"/Users/dat/code/authentication-front-end/src/services/live-data-server/event-calendars.ts": {"path":"/Users/dat/code/authentication-front-end/src/services/live-data-server/event-calendars.ts","statementMap":{"0":{"start":{"line":8,"column":22},"end":{"line":11,"column":1}},"1":{"start":{"line":9,"column":24},"end":{"line":9,"column":55}},"2":{"start":{"line":10,"column":4},"end":{"line":10,"column":170}},"3":{"start":{"line":13,"column":23},"end":{"line":22,"column":1}},"4":{"start":{"line":14,"column":32},"end":{"line":14,"column":71}},"5":{"start":{"line":16,"column":4},"end":{"line":21,"column":7}},"6":{"start":{"line":24,"column":19},"end":{"line":26,"column":1}},"7":{"start":{"line":25,"column":4},"end":{"line":25,"column":130}},"8":{"start":{"line":28,"column":22},"end":{"line":32,"column":1}},"9":{"start":{"line":29,"column":4},"end":{"line":31,"column":7}},"10":{"start":{"line":34,"column":22},"end":{"line":38,"column":1}},"11":{"start":{"line":35,"column":4},"end":{"line":37,"column":8}},"12":{"start":{"line":40,"column":27},"end":{"line":42,"column":1}},"13":{"start":{"line":41,"column":4},"end":{"line":41,"column":133}},"14":{"start":{"line":44,"column":37},"end":{"line":58,"column":1}},"15":{"start":{"line":45,"column":4},"end":{"line":57,"column":6}},"16":{"start":{"line":46,"column":20},"end":{"line":46,"column":73}},"17":{"start":{"line":47,"column":21},"end":{"line":47,"column":48}},"18":{"start":{"line":48,"column":8},"end":{"line":48,"column":24}},"19":{"start":{"line":49,"column":8},"end":{"line":49,"column":59}},"20":{"start":{"line":50,"column":8},"end":{"line":50,"column":40}},"21":{"start":{"line":51,"column":8},"end":{"line":51,"column":21}},"22":{"start":{"line":53,"column":8},"end":{"line":56,"column":9}},"23":{"start":{"line":60,"column":26},"end":{"line":62,"column":1}},"24":{"start":{"line":61,"column":4},"end":{"line":61,"column":143}},"25":{"start":{"line":64,"column":25},"end":{"line":70,"column":1}},"26":{"start":{"line":65,"column":4},"end":{"line":69,"column":7}},"27":{"start":{"line":72,"column":28},"end":{"line":80,"column":1}},"28":{"start":{"line":73,"column":4},"end":{"line":79,"column":8}},"29":{"start":{"line":82,"column":37},"end":{"line":86,"column":1}},"30":{"start":{"line":83,"column":4},"end":{"line":85,"column":8}},"31":{"start":{"line":88,"column":41},"end":{"line":92,"column":1}},"32":{"start":{"line":89,"column":4},"end":{"line":91,"column":8}},"33":{"start":{"line":94,"column":34},"end":{"line":96,"column":1}},"34":{"start":{"line":95,"column":4},"end":{"line":95,"column":140}},"35":{"start":{"line":98,"column":35},"end":{"line":102,"column":1}},"36":{"start":{"line":99,"column":4},"end":{"line":101,"column":8}},"37":{"start":{"line":104,"column":25},"end":{"line":106,"column":1}},"38":{"start":{"line":105,"column":4},"end":{"line":105,"column":149}},"39":{"start":{"line":108,"column":41},"end":{"line":114,"column":1}},"40":{"start":{"line":109,"column":4},"end":{"line":113,"column":8}},"41":{"start":{"line":116,"column":26},"end":{"line":120,"column":1}},"42":{"start":{"line":117,"column":4},"end":{"line":119,"column":8}},"43":{"start":{"line":122,"column":47},"end":{"line":124,"column":1}},"44":{"start":{"line":123,"column":4},"end":{"line":123,"column":164}},"45":{"start":{"line":126,"column":27},"end":{"line":128,"column":1}},"46":{"start":{"line":127,"column":4},"end":{"line":127,"column":149}},"47":{"start":{"line":130,"column":48},"end":{"line":132,"column":1}},"48":{"start":{"line":131,"column":4},"end":{"line":131,"column":171}},"49":{"start":{"line":134,"column":29},"end":{"line":138,"column":1}},"50":{"start":{"line":135,"column":4},"end":{"line":137,"column":8}},"51":{"start":{"line":140,"column":51},"end":{"line":142,"column":1}},"52":{"start":{"line":141,"column":4},"end":{"line":141,"column":188}},"53":{"start":{"line":144,"column":32},"end":{"line":146,"column":1}},"54":{"start":{"line":145,"column":4},"end":{"line":145,"column":153}},"55":{"start":{"line":148,"column":31},"end":{"line":154,"column":1}},"56":{"start":{"line":149,"column":4},"end":{"line":153,"column":8}},"57":{"start":{"line":156,"column":49},"end":{"line":163,"column":1}},"58":{"start":{"line":157,"column":4},"end":{"line":162,"column":8}},"59":{"start":{"line":165,"column":31},"end":{"line":169,"column":1}},"60":{"start":{"line":166,"column":4},"end":{"line":168,"column":8}},"61":{"start":{"line":171,"column":30},"end":{"line":173,"column":1}},"62":{"start":{"line":172,"column":4},"end":{"line":172,"column":177}},"63":{"start":{"line":175,"column":32},"end":{"line":177,"column":1}},"64":{"start":{"line":176,"column":4},"end":{"line":176,"column":188}},"65":{"start":{"line":179,"column":25},"end":{"line":186,"column":1}},"66":{"start":{"line":180,"column":4},"end":{"line":185,"column":8}}},"fnMap":{"0":{"name":"(anonymous_0)","decl":{"start":{"line":8,"column":22},"end":{"line":8,"column":23}},"loc":{"start":{"line":8,"column":28},"end":{"line":11,"column":1}},"line":8},"1":{"name":"(anonymous_1)","decl":{"start":{"line":13,"column":23},"end":{"line":13,"column":24}},"loc":{"start":{"line":13,"column":97},"end":{"line":22,"column":1}},"line":13},"2":{"name":"(anonymous_2)","decl":{"start":{"line":24,"column":19},"end":{"line":24,"column":20}},"loc":{"start":{"line":24,"column":35},"end":{"line":26,"column":1}},"line":24},"3":{"name":"(anonymous_3)","decl":{"start":{"line":28,"column":22},"end":{"line":28,"column":23}},"loc":{"start":{"line":28,"column":32},"end":{"line":32,"column":1}},"line":28},"4":{"name":"(anonymous_4)","decl":{"start":{"line":34,"column":22},"end":{"line":34,"column":23}},"loc":{"start":{"line":34,"column":44},"end":{"line":38,"column":1}},"line":34},"5":{"name":"(anonymous_5)","decl":{"start":{"line":40,"column":27},"end":{"line":40,"column":28}},"loc":{"start":{"line":40,"column":43},"end":{"line":42,"column":1}},"line":40},"6":{"name":"(anonymous_6)","decl":{"start":{"line":44,"column":37},"end":{"line":44,"column":38}},"loc":{"start":{"line":44,"column":72},"end":{"line":58,"column":1}},"line":44},"7":{"name":"(anonymous_7)","decl":{"start":{"line":45,"column":142},"end":{"line":45,"column":143}},"loc":{"start":{"line":45,"column":154},"end":{"line":52,"column":5}},"line":45},"8":{"name":"(anonymous_8)","decl":{"start":{"line":52,"column":13},"end":{"line":52,"column":14}},"loc":{"start":{"line":52,"column":22},"end":{"line":57,"column":5}},"line":52},"9":{"name":"(anonymous_9)","decl":{"start":{"line":60,"column":26},"end":{"line":60,"column":27}},"loc":{"start":{"line":60,"column":47},"end":{"line":62,"column":1}},"line":60},"10":{"name":"(anonymous_10)","decl":{"start":{"line":64,"column":25},"end":{"line":64,"column":26}},"loc":{"start":{"line":64,"column":64},"end":{"line":70,"column":1}},"line":64},"11":{"name":"(anonymous_11)","decl":{"start":{"line":72,"column":28},"end":{"line":72,"column":29}},"loc":{"start":{"line":72,"column":67},"end":{"line":80,"column":1}},"line":72},"12":{"name":"(anonymous_12)","decl":{"start":{"line":82,"column":37},"end":{"line":82,"column":38}},"loc":{"start":{"line":82,"column":58},"end":{"line":86,"column":1}},"line":82},"13":{"name":"(anonymous_13)","decl":{"start":{"line":88,"column":41},"end":{"line":88,"column":42}},"loc":{"start":{"line":88,"column":90},"end":{"line":92,"column":1}},"line":88},"14":{"name":"(anonymous_14)","decl":{"start":{"line":94,"column":34},"end":{"line":94,"column":35}},"loc":{"start":{"line":94,"column":55},"end":{"line":96,"column":1}},"line":94},"15":{"name":"(anonymous_15)","decl":{"start":{"line":98,"column":35},"end":{"line":98,"column":36}},"loc":{"start":{"line":98,"column":56},"end":{"line":102,"column":1}},"line":98},"16":{"name":"(anonymous_16)","decl":{"start":{"line":104,"column":25},"end":{"line":104,"column":26}},"loc":{"start":{"line":104,"column":54},"end":{"line":106,"column":1}},"line":104},"17":{"name":"(anonymous_17)","decl":{"start":{"line":108,"column":41},"end":{"line":108,"column":42}},"loc":{"start":{"line":108,"column":84},"end":{"line":114,"column":1}},"line":108},"18":{"name":"(anonymous_18)","decl":{"start":{"line":116,"column":26},"end":{"line":116,"column":27}},"loc":{"start":{"line":116,"column":75},"end":{"line":120,"column":1}},"line":116},"19":{"name":"(anonymous_19)","decl":{"start":{"line":122,"column":47},"end":{"line":122,"column":48}},"loc":{"start":{"line":122,"column":82},"end":{"line":124,"column":1}},"line":122},"20":{"name":"(anonymous_20)","decl":{"start":{"line":126,"column":27},"end":{"line":126,"column":28}},"loc":{"start":{"line":126,"column":56},"end":{"line":128,"column":1}},"line":126},"21":{"name":"(anonymous_21)","decl":{"start":{"line":130,"column":48},"end":{"line":130,"column":49}},"loc":{"start":{"line":130,"column":77},"end":{"line":132,"column":1}},"line":130},"22":{"name":"(anonymous_22)","decl":{"start":{"line":134,"column":29},"end":{"line":134,"column":30}},"loc":{"start":{"line":134,"column":78},"end":{"line":138,"column":1}},"line":134},"23":{"name":"(anonymous_23)","decl":{"start":{"line":140,"column":51},"end":{"line":140,"column":52}},"loc":{"start":{"line":140,"column":103},"end":{"line":142,"column":1}},"line":140},"24":{"name":"(anonymous_24)","decl":{"start":{"line":144,"column":32},"end":{"line":144,"column":33}},"loc":{"start":{"line":144,"column":61},"end":{"line":146,"column":1}},"line":144},"25":{"name":"(anonymous_25)","decl":{"start":{"line":148,"column":31},"end":{"line":148,"column":32}},"loc":{"start":{"line":148,"column":62},"end":{"line":154,"column":1}},"line":148},"26":{"name":"(anonymous_26)","decl":{"start":{"line":156,"column":49},"end":{"line":156,"column":50}},"loc":{"start":{"line":156,"column":82},"end":{"line":163,"column":1}},"line":156},"27":{"name":"(anonymous_27)","decl":{"start":{"line":165,"column":31},"end":{"line":165,"column":32}},"loc":{"start":{"line":165,"column":64},"end":{"line":169,"column":1}},"line":165},"28":{"name":"(anonymous_28)","decl":{"start":{"line":171,"column":30},"end":{"line":171,"column":31}},"loc":{"start":{"line":171,"column":63},"end":{"line":173,"column":1}},"line":171},"29":{"name":"(anonymous_29)","decl":{"start":{"line":175,"column":32},"end":{"line":175,"column":33}},"loc":{"start":{"line":175,"column":84},"end":{"line":177,"column":1}},"line":175},"30":{"name":"(anonymous_30)","decl":{"start":{"line":179,"column":25},"end":{"line":179,"column":26}},"loc":{"start":{"line":179,"column":124},"end":{"line":186,"column":1}},"line":179}},"branchMap":{"0":{"loc":{"start":{"line":10,"column":123},"end":{"line":10,"column":166}},"type":"cond-expr","locations":[{"start":{"line":10,"column":134},"end":{"line":10,"column":161}},{"start":{"line":10,"column":164},"end":{"line":10,"column":166}}],"line":10},"1":{"loc":{"start":{"line":13,"column":38},"end":{"line":13,"column":55}},"type":"default-arg","locations":[{"start":{"line":13,"column":53},"end":{"line":13,"column":55}}],"line":13},"2":{"loc":{"start":{"line":16,"column":152},"end":{"line":16,"column":194}},"type":"binary-expr","locations":[{"start":{"line":16,"column":152},"end":{"line":16,"column":171}},{"start":{"line":16,"column":175},"end":{"line":16,"column":194}}],"line":16}},"s":{"0":62,"1":0,"2":0,"3":62,"4":0,"5":0,"6":62,"7":2,"8":62,"9":0,"10":62,"11":0,"12":62,"13":0,"14":62,"15":0,"16":0,"17":0,"18":0,"19":0,"20":0,"21":0,"22":0,"23":62,"24":0,"25":62,"26":0,"27":62,"28":0,"29":62,"30":0,"31":62,"32":0,"33":62,"34":0,"35":62,"36":0,"37":62,"38":0,"39":62,"40":2,"41":62,"42":0,"43":62,"44":0,"45":62,"46":1,"47":62,"48":0,"49":62,"50":0,"51":62,"52":0,"53":62,"54":1,"55":62,"56":0,"57":62,"58":0,"59":62,"60":0,"61":62,"62":0,"63":62,"64":0,"65":62,"66":0},"f":{"0":0,"1":0,"2":2,"3":0,"4":0,"5":0,"6":0,"7":0,"8":0,"9":0,"10":0,"11":0,"12":0,"13":0,"14":0,"15":0,"16":0,"17":2,"18":0,"19":0,"20":1,"21":0,"22":0,"23":0,"24":1,"25":0,"26":0,"27":0,"28":0,"29":0,"30":0},"b":{"0":[0,0],"1":[0],"2":[0,0]},"_coverageSchema":"1a1c01bbd47fc00a2c39e90264f33305004495a9","hash":"e2b62f64d77a24ad733c7905fc0761dfbec91409"}
,"/Users/dat/code/authentication-front-end/src/services/live-data-server/participants.ts": {"path":"/Users/dat/code/authentication-front-end/src/services/live-data-server/participants.ts","statementMap":{"0":{"start":{"line":7,"column":39},"end":{"line":14,"column":1}},"1":{"start":{"line":8,"column":4},"end":{"line":13,"column":7}},"2":{"start":{"line":16,"column":72},"end":{"line":23,"column":1}},"3":{"start":{"line":17,"column":4},"end":{"line":22,"column":7}},"4":{"start":{"line":25,"column":49},"end":{"line":38,"column":1}},"5":{"start":{"line":26,"column":22},"end":{"line":26,"column":26}},"6":{"start":{"line":27,"column":4},"end":{"line":31,"column":5}},"7":{"start":{"line":28,"column":8},"end":{"line":28,"column":22}},"8":{"start":{"line":30,"column":8},"end":{"line":30,"column":43}},"9":{"start":{"line":32,"column":4},"end":{"line":37,"column":7}},"10":{"start":{"line":40,"column":19},"end":{"line":42,"column":1}},"11":{"start":{"line":41,"column":4},"end":{"line":41,"column":127}},"12":{"start":{"line":44,"column":22},"end":{"line":48,"column":1}},"13":{"start":{"line":45,"column":4},"end":{"line":47,"column":7}},"14":{"start":{"line":50,"column":22},"end":{"line":52,"column":1}},"15":{"start":{"line":51,"column":4},"end":{"line":51,"column":133}},"16":{"start":{"line":54,"column":33},"end":{"line":56,"column":1}},"17":{"start":{"line":55,"column":4},"end":{"line":55,"column":130}},"18":{"start":{"line":58,"column":43},"end":{"line":60,"column":1}},"19":{"start":{"line":59,"column":4},"end":{"line":59,"column":164}},"20":{"start":{"line":62,"column":55},"end":{"line":66,"column":1}},"21":{"start":{"line":63,"column":4},"end":{"line":65,"column":7}},"22":{"start":{"line":68,"column":58},"end":{"line":70,"column":1}},"23":{"start":{"line":69,"column":4},"end":{"line":69,"column":184}},"24":{"start":{"line":72,"column":34},"end":{"line":81,"column":1}},"25":{"start":{"line":73,"column":32},"end":{"line":73,"column":71}},"26":{"start":{"line":74,"column":4},"end":{"line":80,"column":7}},"27":{"start":{"line":83,"column":32},"end":{"line":89,"column":1}},"28":{"start":{"line":84,"column":4},"end":{"line":88,"column":7}},"29":{"start":{"line":91,"column":32},"end":{"line":93,"column":1}},"30":{"start":{"line":92,"column":4},"end":{"line":92,"column":153}},"31":{"start":{"line":95,"column":32},"end":{"line":97,"column":1}},"32":{"start":{"line":96,"column":4},"end":{"line":96,"column":145}},"33":{"start":{"line":99,"column":32},"end":{"line":101,"column":1}},"34":{"start":{"line":100,"column":4},"end":{"line":100,"column":136}},"35":{"start":{"line":103,"column":41},"end":{"line":108,"column":1}},"36":{"start":{"line":104,"column":4},"end":{"line":107,"column":8}},"37":{"start":{"line":110,"column":48},"end":{"line":114,"column":1}},"38":{"start":{"line":111,"column":4},"end":{"line":113,"column":8}}},"fnMap":{"0":{"name":"(anonymous_0)","decl":{"start":{"line":7,"column":39},"end":{"line":7,"column":40}},"loc":{"start":{"line":7,"column":101},"end":{"line":14,"column":1}},"line":7},"1":{"name":"(anonymous_1)","decl":{"start":{"line":16,"column":72},"end":{"line":16,"column":73}},"loc":{"start":{"line":16,"column":134},"end":{"line":23,"column":1}},"line":16},"2":{"name":"(anonymous_2)","decl":{"start":{"line":25,"column":49},"end":{"line":25,"column":50}},"loc":{"start":{"line":25,"column":126},"end":{"line":38,"column":1}},"line":25},"3":{"name":"(anonymous_3)","decl":{"start":{"line":40,"column":19},"end":{"line":40,"column":20}},"loc":{"start":{"line":40,"column":35},"end":{"line":42,"column":1}},"line":40},"4":{"name":"(anonymous_4)","decl":{"start":{"line":44,"column":22},"end":{"line":44,"column":23}},"loc":{"start":{"line":44,"column":32},"end":{"line":48,"column":1}},"line":44},"5":{"name":"(anonymous_5)","decl":{"start":{"line":50,"column":22},"end":{"line":50,"column":23}},"loc":{"start":{"line":50,"column":44},"end":{"line":52,"column":1}},"line":50},"6":{"name":"(anonymous_6)","decl":{"start":{"line":54,"column":33},"end":{"line":54,"column":34}},"loc":{"start":{"line":54,"column":49},"end":{"line":56,"column":1}},"line":54},"7":{"name":"(anonymous_7)","decl":{"start":{"line":58,"column":43},"end":{"line":58,"column":44}},"loc":{"start":{"line":58,"column":76},"end":{"line":60,"column":1}},"line":58},"8":{"name":"(anonymous_8)","decl":{"start":{"line":62,"column":55},"end":{"line":62,"column":56}},"loc":{"start":{"line":62,"column":109},"end":{"line":66,"column":1}},"line":62},"9":{"name":"(anonymous_9)","decl":{"start":{"line":68,"column":58},"end":{"line":68,"column":59}},"loc":{"start":{"line":68,"column":114},"end":{"line":70,"column":1}},"line":68},"10":{"name":"(anonymous_10)","decl":{"start":{"line":72,"column":34},"end":{"line":72,"column":35}},"loc":{"start":{"line":72,"column":147},"end":{"line":81,"column":1}},"line":72},"11":{"name":"(anonymous_11)","decl":{"start":{"line":83,"column":32},"end":{"line":83,"column":33}},"loc":{"start":{"line":83,"column":125},"end":{"line":89,"column":1}},"line":83},"12":{"name":"(anonymous_12)","decl":{"start":{"line":91,"column":32},"end":{"line":91,"column":33}},"loc":{"start":{"line":91,"column":55},"end":{"line":93,"column":1}},"line":91},"13":{"name":"(anonymous_13)","decl":{"start":{"line":95,"column":32},"end":{"line":95,"column":33}},"loc":{"start":{"line":95,"column":59},"end":{"line":97,"column":1}},"line":95},"14":{"name":"(anonymous_14)","decl":{"start":{"line":99,"column":32},"end":{"line":99,"column":33}},"loc":{"start":{"line":99,"column":49},"end":{"line":101,"column":1}},"line":99},"15":{"name":"(anonymous_15)","decl":{"start":{"line":103,"column":41},"end":{"line":103,"column":42}},"loc":{"start":{"line":103,"column":70},"end":{"line":108,"column":1}},"line":103},"16":{"name":"(anonymous_16)","decl":{"start":{"line":110,"column":48},"end":{"line":110,"column":49}},"loc":{"start":{"line":110,"column":107},"end":{"line":114,"column":1}},"line":110}},"branchMap":{"0":{"loc":{"start":{"line":7,"column":79},"end":{"line":7,"column":96}},"type":"default-arg","locations":[{"start":{"line":7,"column":94},"end":{"line":7,"column":96}}],"line":7},"1":{"loc":{"start":{"line":16,"column":112},"end":{"line":16,"column":129}},"type":"default-arg","locations":[{"start":{"line":16,"column":127},"end":{"line":16,"column":129}}],"line":16},"2":{"loc":{"start":{"line":27,"column":4},"end":{"line":31,"column":5}},"type":"if","locations":[{"start":{"line":27,"column":4},"end":{"line":31,"column":5}},{"start":{"line":29,"column":11},"end":{"line":31,"column":5}}],"line":27},"3":{"loc":{"start":{"line":32,"column":155},"end":{"line":32,"column":199}},"type":"cond-expr","locations":[{"start":{"line":32,"column":173},"end":{"line":32,"column":194}},{"start":{"line":32,"column":197},"end":{"line":32,"column":199}}],"line":32},"4":{"loc":{"start":{"line":72,"column":49},"end":{"line":72,"column":66}},"type":"default-arg","locations":[{"start":{"line":72,"column":64},"end":{"line":72,"column":66}}],"line":72},"5":{"loc":{"start":{"line":72,"column":68},"end":{"line":72,"column":97}},"type":"default-arg","locations":[{"start":{"line":72,"column":95},"end":{"line":72,"column":97}}],"line":72},"6":{"loc":{"start":{"line":72,"column":99},"end":{"line":72,"column":142}},"type":"default-arg","locations":[{"start":{"line":72,"column":138},"end":{"line":72,"column":142}}],"line":72}},"s":{"0":6,"1":0,"2":6,"3":2,"4":6,"5":0,"6":0,"7":0,"8":0,"9":0,"10":6,"11":0,"12":6,"13":0,"14":6,"15":0,"16":6,"17":0,"18":6,"19":0,"20":6,"21":0,"22":6,"23":0,"24":6,"25":2,"26":2,"27":6,"28":0,"29":6,"30":0,"31":6,"32":0,"33":6,"34":0,"35":6,"36":0,"37":6,"38":0},"f":{"0":0,"1":2,"2":0,"3":0,"4":0,"5":0,"6":0,"7":0,"8":0,"9":0,"10":2,"11":0,"12":0,"13":0,"14":0,"15":0,"16":0},"b":{"0":[0],"1":[0],"2":[0,0],"3":[0,0],"4":[0],"5":[0],"6":[0]},"_coverageSchema":"1a1c01bbd47fc00a2c39e90264f33305004495a9","hash":"fc1603953def0451fe79c0d0ac4e81150e5170d2"}
,"/Users/dat/code/authentication-front-end/src/types/CalendarEvent.ts": {"path":"/Users/dat/code/authentication-front-end/src/types/CalendarEvent.ts","statementMap":{},"fnMap":{},"branchMap":{},"s":{},"f":{},"b":{}}
,"/Users/dat/code/authentication-front-end/src/utils/helpers.ts": {"path":"/Users/dat/code/authentication-front-end/src/utils/helpers.ts","statementMap":{"0":{"start":{"line":16,"column":24},"end":{"line":21,"column":1}},"1":{"start":{"line":17,"column":17},"end":{"line":17,"column":22}},"2":{"start":{"line":19,"column":4},"end":{"line":19,"column":2058}},"3":{"start":{"line":19,"column":20},"end":{"line":19,"column":2013}},"4":{"start":{"line":19,"column":1999},"end":{"line":19,"column":2013}},"5":{"start":{"line":20,"column":4},"end":{"line":20,"column":18}},"6":{"start":{"line":23,"column":44},"end":{"line":25,"column":1}},"7":{"start":{"line":24,"column":4},"end":{"line":24,"column":44}},"8":{"start":{"line":27,"column":30},"end":{"line":45,"column":1}},"9":{"start":{"line":28,"column":15},"end":{"line":28,"column":16}},"10":{"start":{"line":29,"column":17},"end":{"line":29,"column":20}},"11":{"start":{"line":31,"column":4},"end":{"line":33,"column":5}},"12":{"start":{"line":31,"column":17},"end":{"line":31,"column":18}},"13":{"start":{"line":32,"column":8},"end":{"line":32,"column":56}},"14":{"start":{"line":34,"column":4},"end":{"line":37,"column":5}},"15":{"start":{"line":34,"column":17},"end":{"line":34,"column":18}},"16":{"start":{"line":35,"column":20},"end":{"line":35,"column":44}},"17":{"start":{"line":36,"column":8},"end":{"line":36,"column":57}},"18":{"start":{"line":39,"column":4},"end":{"line":42,"column":5}},"19":{"start":{"line":41,"column":8},"end":{"line":41,"column":73}},"20":{"start":{"line":44,"column":4},"end":{"line":44,"column":18}},"21":{"start":{"line":47,"column":36},"end":{"line":58,"column":1}},"22":{"start":{"line":49,"column":18},"end":{"line":49,"column":45}},"23":{"start":{"line":51,"column":18},"end":{"line":51,"column":44}},"24":{"start":{"line":52,"column":4},"end":{"line":52,"column":29}},"25":{"start":{"line":54,"column":20},"end":{"line":54,"column":44}},"26":{"start":{"line":56,"column":4},"end":{"line":56,"column":27}},"27":{"start":{"line":57,"column":4},"end":{"line":57,"column":126}},"28":{"start":{"line":60,"column":24},"end":{"line":70,"column":1}},"29":{"start":{"line":62,"column":4},"end":{"line":69,"column":6}},"30":{"start":{"line":63,"column":8},"end":{"line":63,"column":31}},"31":{"start":{"line":64,"column":8},"end":{"line":68,"column":17}},"32":{"start":{"line":65,"column":12},"end":{"line":65,"column":28}},"33":{"start":{"line":67,"column":12},"end":{"line":67,"column":30}},"34":{"start":{"line":72,"column":24},"end":{"line":83,"column":1}},"35":{"start":{"line":73,"column":18},"end":{"line":73,"column":23}},"36":{"start":{"line":74,"column":4},"end":{"line":82,"column":5}},"37":{"start":{"line":75,"column":8},"end":{"line":81,"column":9}},"38":{"start":{"line":76,"column":12},"end":{"line":76,"column":30}},"39":{"start":{"line":77,"column":12},"end":{"line":77,"column":27}},"40":{"start":{"line":78,"column":12},"end":{"line":80,"column":22}},"41":{"start":{"line":79,"column":16},"end":{"line":79,"column":32}},"42":{"start":{"line":90,"column":60},"end":{"line":97,"column":1}},"43":{"start":{"line":91,"column":4},"end":{"line":94,"column":5}},"44":{"start":{"line":92,"column":8},"end":{"line":93,"column":29}},"45":{"start":{"line":93,"column":12},"end":{"line":93,"column":29}},"46":{"start":{"line":96,"column":4},"end":{"line":96,"column":18}},"47":{"start":{"line":105,"column":29},"end":{"line":118,"column":1}},"48":{"start":{"line":107,"column":14},"end":{"line":107,"column":32}},"49":{"start":{"line":108,"column":15},"end":{"line":108,"column":41}},"50":{"start":{"line":109,"column":15},"end":{"line":109,"column":27}},"51":{"start":{"line":110,"column":12},"end":{"line":110,"column":23}},"52":{"start":{"line":111,"column":16},"end":{"line":111,"column":33}},"53":{"start":{"line":113,"column":4},"end":{"line":115,"column":5}},"54":{"start":{"line":114,"column":8},"end":{"line":114,"column":38}},"55":{"start":{"line":117,"column":4},"end":{"line":117,"column":55}},"56":{"start":{"line":124,"column":41},"end":{"line":128,"column":1}},"57":{"start":{"line":125,"column":4},"end":{"line":125,"column":62}},"58":{"start":{"line":125,"column":43},"end":{"line":125,"column":62}},"59":{"start":{"line":127,"column":4},"end":{"line":127,"column":29}},"60":{"start":{"line":135,"column":33},"end":{"line":143,"column":1}},"61":{"start":{"line":136,"column":4},"end":{"line":142,"column":5}},"62":{"start":{"line":137,"column":8},"end":{"line":139,"column":11}},"63":{"start":{"line":138,"column":12},"end":{"line":138,"column":50}},"64":{"start":{"line":141,"column":8},"end":{"line":141,"column":42}},"65":{"start":{"line":150,"column":32},"end":{"line":156,"column":1}},"66":{"start":{"line":151,"column":4},"end":{"line":151,"column":28}},"67":{"start":{"line":151,"column":15},"end":{"line":151,"column":28}},"68":{"start":{"line":153,"column":4},"end":{"line":153,"column":40}},"69":{"start":{"line":153,"column":21},"end":{"line":153,"column":40}},"70":{"start":{"line":155,"column":4},"end":{"line":155,"column":54}},"71":{"start":{"line":158,"column":41},"end":{"line":166,"column":1}},"72":{"start":{"line":159,"column":4},"end":{"line":159,"column":29}},"73":{"start":{"line":159,"column":19},"end":{"line":159,"column":29}},"74":{"start":{"line":161,"column":19},"end":{"line":161,"column":55}},"75":{"start":{"line":163,"column":4},"end":{"line":163,"column":40}},"76":{"start":{"line":163,"column":20},"end":{"line":163,"column":40}},"77":{"start":{"line":165,"column":4},"end":{"line":165,"column":18}},"78":{"start":{"line":171,"column":38},"end":{"line":173,"column":1}},"79":{"start":{"line":172,"column":4},"end":{"line":172,"column":74}},"80":{"start":{"line":180,"column":35},"end":{"line":183,"column":1}},"81":{"start":{"line":181,"column":15},"end":{"line":181,"column":166}},"82":{"start":{"line":182,"column":4},"end":{"line":182,"column":48}},"83":{"start":{"line":188,"column":39},"end":{"line":192,"column":1}},"84":{"start":{"line":189,"column":4},"end":{"line":189,"column":25}},"85":{"start":{"line":189,"column":15},"end":{"line":189,"column":25}},"86":{"start":{"line":190,"column":17},"end":{"line":190,"column":43}},"87":{"start":{"line":191,"column":4},"end":{"line":191,"column":56}},"88":{"start":{"line":195,"column":35},"end":{"line":199,"column":1}},"89":{"start":{"line":196,"column":15},"end":{"line":196,"column":45}},"90":{"start":{"line":197,"column":4},"end":{"line":197,"column":23}},"91":{"start":{"line":198,"column":4},"end":{"line":198,"column":46}},"92":{"start":{"line":206,"column":32},"end":{"line":222,"column":1}},"93":{"start":{"line":207,"column":22},"end":{"line":207,"column":23}},"94":{"start":{"line":209,"column":4},"end":{"line":220,"column":5}},"95":{"start":{"line":210,"column":18},"end":{"line":210,"column":62}},"96":{"start":{"line":211,"column":8},"end":{"line":219,"column":9}},"97":{"start":{"line":212,"column":24},"end":{"line":212,"column":61}},"98":{"start":{"line":213,"column":12},"end":{"line":218,"column":13}},"99":{"start":{"line":214,"column":36},"end":{"line":214,"column":54}},"100":{"start":{"line":215,"column":16},"end":{"line":215,"column":58}},"101":{"start":{"line":216,"column":16},"end":{"line":216,"column":74}},"102":{"start":{"line":217,"column":16},"end":{"line":217,"column":62}},"103":{"start":{"line":221,"column":4},"end":{"line":221,"column":23}},"104":{"start":{"line":228,"column":31},"end":{"line":241,"column":1}},"105":{"start":{"line":229,"column":4},"end":{"line":229,"column":15}},"106":{"start":{"line":230,"column":4},"end":{"line":240,"column":5}},"107":{"start":{"line":232,"column":20},"end":{"line":232,"column":42}},"108":{"start":{"line":233,"column":8},"end":{"line":233,"column":37}},"109":{"start":{"line":234,"column":8},"end":{"line":234,"column":30}},"110":{"start":{"line":235,"column":18},"end":{"line":235,"column":39}},"111":{"start":{"line":236,"column":8},"end":{"line":239,"column":9}},"112":{"start":{"line":237,"column":12},"end":{"line":237,"column":34}},"113":{"start":{"line":238,"column":12},"end":{"line":238,"column":32}},"114":{"start":{"line":248,"column":49},"end":{"line":256,"column":1}},"115":{"start":{"line":249,"column":4},"end":{"line":253,"column":7}},"116":{"start":{"line":250,"column":37},"end":{"line":250,"column":71}},"117":{"start":{"line":251,"column":8},"end":{"line":252,"column":144}},"118":{"start":{"line":252,"column":12},"end":{"line":252,"column":144}},"119":{"start":{"line":255,"column":4},"end":{"line":255,"column":18}},"120":{"start":{"line":263,"column":55},"end":{"line":271,"column":1}},"121":{"start":{"line":264,"column":4},"end":{"line":268,"column":7}},"122":{"start":{"line":265,"column":43},"end":{"line":265,"column":77}},"123":{"start":{"line":266,"column":8},"end":{"line":267,"column":82}},"124":{"start":{"line":267,"column":12},"end":{"line":267,"column":82}},"125":{"start":{"line":270,"column":4},"end":{"line":270,"column":18}},"126":{"start":{"line":277,"column":46},"end":{"line":284,"column":1}},"127":{"start":{"line":278,"column":4},"end":{"line":283,"column":5}},"128":{"start":{"line":279,"column":24},"end":{"line":279,"column":47}},"129":{"start":{"line":281,"column":8},"end":{"line":282,"column":115}},"130":{"start":{"line":282,"column":12},"end":{"line":282,"column":115}},"131":{"start":{"line":290,"column":46},"end":{"line":320,"column":1}},"132":{"start":{"line":291,"column":4},"end":{"line":294,"column":5}},"133":{"start":{"line":292,"column":8},"end":{"line":292,"column":44}},"134":{"start":{"line":293,"column":8},"end":{"line":293,"column":15}},"135":{"start":{"line":296,"column":4},"end":{"line":319,"column":5}},"136":{"start":{"line":297,"column":26},"end":{"line":297,"column":48}},"137":{"start":{"line":298,"column":30},"end":{"line":298,"column":61}},"138":{"start":{"line":299,"column":29},"end":{"line":299,"column":96}},"139":{"start":{"line":301,"column":8},"end":{"line":301,"column":109}},"140":{"start":{"line":301,"column":102},"end":{"line":301,"column":109}},"141":{"start":{"line":303,"column":8},"end":{"line":306,"column":9}},"142":{"start":{"line":304,"column":12},"end":{"line":304,"column":38}},"143":{"start":{"line":305,"column":12},"end":{"line":305,"column":19}},"144":{"start":{"line":308,"column":8},"end":{"line":316,"column":9}},"145":{"start":{"line":309,"column":12},"end":{"line":309,"column":75}},"146":{"start":{"line":310,"column":15},"end":{"line":316,"column":9}},"147":{"start":{"line":311,"column":12},"end":{"line":311,"column":79}},"148":{"start":{"line":313,"column":12},"end":{"line":313,"column":42}},"149":{"start":{"line":313,"column":35},"end":{"line":313,"column":42}},"150":{"start":{"line":314,"column":34},"end":{"line":314,"column":64}},"151":{"start":{"line":315,"column":12},"end":{"line":315,"column":138}},"152":{"start":{"line":318,"column":8},"end":{"line":318,"column":69}},"153":{"start":{"line":327,"column":44},"end":{"line":339,"column":1}},"154":{"start":{"line":328,"column":4},"end":{"line":338,"column":7}},"155":{"start":{"line":329,"column":8},"end":{"line":332,"column":9}},"156":{"start":{"line":334,"column":8},"end":{"line":337,"column":9}},"157":{"start":{"line":346,"column":28},"end":{"line":399,"column":1}},"158":{"start":{"line":348,"column":4},"end":{"line":348,"column":85}},"159":{"start":{"line":349,"column":4},"end":{"line":351,"column":7}},"160":{"start":{"line":350,"column":8},"end":{"line":350,"column":35}},"161":{"start":{"line":353,"column":25},"end":{"line":353,"column":67}},"162":{"start":{"line":354,"column":45},"end":{"line":354,"column":97}},"163":{"start":{"line":355,"column":18},"end":{"line":355,"column":52}},"164":{"start":{"line":356,"column":29},"end":{"line":356,"column":31}},"165":{"start":{"line":357,"column":17},"end":{"line":357,"column":19}},"166":{"start":{"line":359,"column":4},"end":{"line":366,"column":7}},"167":{"start":{"line":360,"column":8},"end":{"line":360,"column":27}},"168":{"start":{"line":361,"column":27},"end":{"line":361,"column":42}},"169":{"start":{"line":362,"column":8},"end":{"line":364,"column":9}},"170":{"start":{"line":363,"column":12},"end":{"line":363,"column":50}},"171":{"start":{"line":365,"column":8},"end":{"line":365,"column":39}},"172":{"start":{"line":368,"column":4},"end":{"line":368,"column":74}},"173":{"start":{"line":368,"column":52},"end":{"line":368,"column":56}},"174":{"start":{"line":370,"column":4},"end":{"line":394,"column":7}},"175":{"start":{"line":371,"column":24},"end":{"line":371,"column":59}},"176":{"start":{"line":372,"column":25},"end":{"line":372,"column":43}},"177":{"start":{"line":373,"column":8},"end":{"line":373,"column":27}},"178":{"start":{"line":375,"column":8},"end":{"line":393,"column":9}},"179":{"start":{"line":376,"column":12},"end":{"line":376,"column":36}},"180":{"start":{"line":378,"column":12},"end":{"line":380,"column":13}},"181":{"start":{"line":379,"column":16},"end":{"line":379,"column":35}},"182":{"start":{"line":382,"column":12},"end":{"line":392,"column":13}},"183":{"start":{"line":383,"column":16},"end":{"line":383,"column":52}},"184":{"start":{"line":386,"column":42},"end":{"line":386,"column":78}},"185":{"start":{"line":387,"column":16},"end":{"line":391,"column":17}},"186":{"start":{"line":388,"column":20},"end":{"line":388,"column":62}},"187":{"start":{"line":390,"column":20},"end":{"line":390,"column":63}},"188":{"start":{"line":396,"column":4},"end":{"line":396,"column":67}},"189":{"start":{"line":398,"column":4},"end":{"line":398,"column":25}},"190":{"start":{"line":406,"column":59},"end":{"line":419,"column":1}},"191":{"start":{"line":407,"column":4},"end":{"line":416,"column":5}},"192":{"start":{"line":408,"column":39},"end":{"line":408,"column":41}},"193":{"start":{"line":409,"column":8},"end":{"line":409,"column":40}},"194":{"start":{"line":410,"column":8},"end":{"line":413,"column":11}},"195":{"start":{"line":410,"column":51},"end":{"line":410,"column":76}},"196":{"start":{"line":411,"column":12},"end":{"line":411,"column":46}},"197":{"start":{"line":412,"column":12},"end":{"line":412,"column":39}},"198":{"start":{"line":415,"column":8},"end":{"line":415,"column":78}},"199":{"start":{"line":418,"column":4},"end":{"line":418,"column":60}},"200":{"start":{"line":426,"column":49},"end":{"line":445,"column":1}},"201":{"start":{"line":427,"column":35},"end":{"line":427,"column":37}},"202":{"start":{"line":428,"column":38},"end":{"line":430,"column":6}},"203":{"start":{"line":428,"column":81},"end":{"line":428,"column":100}},"204":{"start":{"line":429,"column":8},"end":{"line":429,"column":41}},"205":{"start":{"line":431,"column":4},"end":{"line":440,"column":5}},"206":{"start":{"line":432,"column":42},"end":{"line":432,"column":73}},"207":{"start":{"line":433,"column":8},"end":{"line":439,"column":11}},"208":{"start":{"line":434,"column":12},"end":{"line":438,"column":13}},"209":{"start":{"line":435,"column":16},"end":{"line":435,"column":56}},"210":{"start":{"line":437,"column":16},"end":{"line":437,"column":56}},"211":{"start":{"line":441,"column":4},"end":{"line":442,"column":52}},"212":{"start":{"line":442,"column":8},"end":{"line":442,"column":52}},"213":{"start":{"line":444,"column":4},"end":{"line":444,"column":18}},"214":{"start":{"line":447,"column":31},"end":{"line":453,"column":1}},"215":{"start":{"line":448,"column":4},"end":{"line":451,"column":52}},"216":{"start":{"line":455,"column":42},"end":{"line":466,"column":1}},"217":{"start":{"line":456,"column":4},"end":{"line":465,"column":5}},"218":{"start":{"line":457,"column":8},"end":{"line":464,"column":11}},"219":{"start":{"line":458,"column":12},"end":{"line":463,"column":14}},"220":{"start":{"line":459,"column":16},"end":{"line":462,"column":23}},"221":{"start":{"line":460,"column":20},"end":{"line":462,"column":23}},"222":{"start":{"line":461,"column":24},"end":{"line":461,"column":41}},"223":{"start":{"line":468,"column":37},"end":{"line":470,"column":1}},"224":{"start":{"line":469,"column":4},"end":{"line":469,"column":92}},"225":{"start":{"line":472,"column":28},"end":{"line":478,"column":1}},"226":{"start":{"line":473,"column":4},"end":{"line":477,"column":5}},"227":{"start":{"line":474,"column":8},"end":{"line":474,"column":25}},"228":{"start":{"line":476,"column":8},"end":{"line":476,"column":26}},"229":{"start":{"line":480,"column":54},"end":{"line":482,"column":1}},"230":{"start":{"line":481,"column":4},"end":{"line":481,"column":55}},"231":{"start":{"line":484,"column":20},"end":{"line":497,"column":1}},"232":{"start":{"line":485,"column":4},"end":{"line":494,"column":5}},"233":{"start":{"line":486,"column":8},"end":{"line":493,"column":11}},"234":{"start":{"line":487,"column":12},"end":{"line":492,"column":13}},"235":{"start":{"line":488,"column":16},"end":{"line":488,"column":41}},"236":{"start":{"line":490,"column":16},"end":{"line":491,"column":39}},"237":{"start":{"line":491,"column":20},"end":{"line":491,"column":39}},"238":{"start":{"line":496,"column":4},"end":{"line":496,"column":15}},"239":{"start":{"line":499,"column":35},"end":{"line":506,"column":1}},"240":{"start":{"line":500,"column":32},"end":{"line":500,"column":45}},"241":{"start":{"line":501,"column":4},"end":{"line":503,"column":5}},"242":{"start":{"line":502,"column":8},"end":{"line":502,"column":65}},"243":{"start":{"line":505,"column":4},"end":{"line":505,"column":110}},"244":{"start":{"line":508,"column":36},"end":{"line":519,"column":1}},"245":{"start":{"line":509,"column":17},"end":{"line":509,"column":63}},"246":{"start":{"line":509,"column":36},"end":{"line":509,"column":62}},"247":{"start":{"line":510,"column":4},"end":{"line":518,"column":5}},"248":{"start":{"line":511,"column":8},"end":{"line":513,"column":11}},"249":{"start":{"line":515,"column":8},"end":{"line":517,"column":11}},"250":{"start":{"line":521,"column":48},"end":{"line":534,"column":1}},"251":{"start":{"line":522,"column":4},"end":{"line":533,"column":5}},"252":{"start":{"line":524,"column":12},"end":{"line":524,"column":72}},"253":{"start":{"line":526,"column":12},"end":{"line":526,"column":72}},"254":{"start":{"line":528,"column":12},"end":{"line":528,"column":71}},"255":{"start":{"line":530,"column":12},"end":{"line":530,"column":69}},"256":{"start":{"line":532,"column":12},"end":{"line":532,"column":71}},"257":{"start":{"line":536,"column":28},"end":{"line":550,"column":1}},"258":{"start":{"line":537,"column":21},"end":{"line":537,"column":39}},"259":{"start":{"line":538,"column":18},"end":{"line":538,"column":19}},"260":{"start":{"line":539,"column":4},"end":{"line":549,"column":6}},"261":{"start":{"line":541,"column":23},"end":{"line":541,"column":35}},"262":{"start":{"line":542,"column":8},"end":{"line":547,"column":9}},"263":{"start":{"line":543,"column":12},"end":{"line":543,"column":21}},"264":{"start":{"line":544,"column":12},"end":{"line":546,"column":14}},"265":{"start":{"line":545,"column":16},"end":{"line":545,"column":38}},"266":{"start":{"line":548,"column":8},"end":{"line":548,"column":36}},"267":{"start":{"line":552,"column":33},"end":{"line":556,"column":1}},"268":{"start":{"line":553,"column":4},"end":{"line":553,"column":24}},"269":{"start":{"line":554,"column":4},"end":{"line":555,"column":52}},"270":{"start":{"line":555,"column":8},"end":{"line":555,"column":52}},"271":{"start":{"line":558,"column":38},"end":{"line":560,"column":1}},"272":{"start":{"line":559,"column":4},"end":{"line":559,"column":81}},"273":{"start":{"line":562,"column":39},"end":{"line":581,"column":1}},"274":{"start":{"line":563,"column":22},"end":{"line":563,"column":24}},"275":{"start":{"line":564,"column":4},"end":{"line":574,"column":7}},"276":{"start":{"line":565,"column":8},"end":{"line":573,"column":9}},"277":{"start":{"line":566,"column":12},"end":{"line":566,"column":59}},"278":{"start":{"line":567,"column":15},"end":{"line":573,"column":9}},"279":{"start":{"line":568,"column":12},"end":{"line":568,"column":84}},"280":{"start":{"line":569,"column":15},"end":{"line":573,"column":9}},"281":{"start":{"line":570,"column":12},"end":{"line":572,"column":15}},"282":{"start":{"line":571,"column":16},"end":{"line":571,"column":55}},"283":{"start":{"line":576,"column":4},"end":{"line":578,"column":5}},"284":{"start":{"line":577,"column":8},"end":{"line":577,"column":61}},"285":{"start":{"line":580,"column":4},"end":{"line":580,"column":23}},"286":{"start":{"line":583,"column":41},"end":{"line":587,"column":1}},"287":{"start":{"line":584,"column":4},"end":{"line":584,"column":81}},"288":{"start":{"line":584,"column":50},"end":{"line":584,"column":81}},"289":{"start":{"line":585,"column":4},"end":{"line":585,"column":89}},"290":{"start":{"line":585,"column":54},"end":{"line":585,"column":89}},"291":{"start":{"line":586,"column":4},"end":{"line":586,"column":35}},"292":{"start":{"line":589,"column":41},"end":{"line":612,"column":1}},"293":{"start":{"line":598,"column":25},"end":{"line":600,"column":6}},"294":{"start":{"line":599,"column":8},"end":{"line":599,"column":39}},"295":{"start":{"line":602,"column":4},"end":{"line":606,"column":5}},"296":{"start":{"line":603,"column":8},"end":{"line":603,"column":103}},"297":{"start":{"line":605,"column":8},"end":{"line":605,"column":21}},"298":{"start":{"line":608,"column":4},"end":{"line":611,"column":5}},"299":{"start":{"line":609,"column":8},"end":{"line":609,"column":63}},"300":{"start":{"line":609,"column":56},"end":{"line":609,"column":63}},"301":{"start":{"line":610,"column":8},"end":{"line":610,"column":28}},"302":{"start":{"line":614,"column":48},"end":{"line":620,"column":1}},"303":{"start":{"line":615,"column":4},"end":{"line":617,"column":5}},"304":{"start":{"line":616,"column":8},"end":{"line":616,"column":112}},"305":{"start":{"line":619,"column":4},"end":{"line":619,"column":17}},"306":{"start":{"line":622,"column":33},"end":{"line":642,"column":1}},"307":{"start":{"line":623,"column":18},"end":{"line":623,"column":31}},"308":{"start":{"line":624,"column":19},"end":{"line":624,"column":21}},"309":{"start":{"line":625,"column":4},"end":{"line":639,"column":7}},"310":{"start":{"line":626,"column":21},"end":{"line":626,"column":33}},"311":{"start":{"line":627,"column":20},"end":{"line":627,"column":27}},"312":{"start":{"line":628,"column":22},"end":{"line":628,"column":55}},"313":{"start":{"line":630,"column":8},"end":{"line":638,"column":9}},"314":{"start":{"line":631,"column":12},"end":{"line":635,"column":13}},"315":{"start":{"line":632,"column":16},"end":{"line":632,"column":40}},"316":{"start":{"line":634,"column":16},"end":{"line":634,"column":51}},"317":{"start":{"line":637,"column":12},"end":{"line":637,"column":32}},"318":{"start":{"line":641,"column":4},"end":{"line":641,"column":46}},"319":{"start":{"line":645,"column":27},"end":{"line":651,"column":1}},"320":{"start":{"line":646,"column":16},"end":{"line":646,"column":33}},"321":{"start":{"line":647,"column":4},"end":{"line":649,"column":7}},"322":{"start":{"line":648,"column":8},"end":{"line":648,"column":28}},"323":{"start":{"line":650,"column":4},"end":{"line":650,"column":23}},"324":{"start":{"line":653,"column":63},"end":{"line":665,"column":1}},"325":{"start":{"line":654,"column":20},"end":{"line":654,"column":25}},"326":{"start":{"line":656,"column":4},"end":{"line":657,"column":74}},"327":{"start":{"line":657,"column":57},"end":{"line":657,"column":74}},"328":{"start":{"line":659,"column":4},"end":{"line":662,"column":24}},"329":{"start":{"line":662,"column":7},"end":{"line":662,"column":24}},"330":{"start":{"line":664,"column":4},"end":{"line":664,"column":21}},"331":{"start":{"line":667,"column":27},"end":{"line":679,"column":1}},"332":{"start":{"line":668,"column":4},"end":{"line":676,"column":5}},"333":{"start":{"line":669,"column":8},"end":{"line":675,"column":11}},"334":{"start":{"line":670,"column":12},"end":{"line":672,"column":13}},"335":{"start":{"line":671,"column":16},"end":{"line":671,"column":28}},"336":{"start":{"line":674,"column":12},"end":{"line":674,"column":25}},"337":{"start":{"line":678,"column":4},"end":{"line":678,"column":17}}},"fnMap":{"0":{"name":"(anonymous_0)","decl":{"start":{"line":16,"column":24},"end":{"line":16,"column":25}},"loc":{"start":{"line":16,"column":30},"end":{"line":21,"column":1}},"line":16},"1":{"name":"(anonymous_1)","decl":{"start":{"line":19,"column":5},"end":{"line":19,"column":6}},"loc":{"start":{"line":19,"column":18},"end":{"line":19,"column":2015}},"line":19},"2":{"name":"(anonymous_2)","decl":{"start":{"line":23,"column":44},"end":{"line":23,"column":45}},"loc":{"start":{"line":23,"column":50},"end":{"line":25,"column":1}},"line":23},"3":{"name":"(anonymous_3)","decl":{"start":{"line":27,"column":30},"end":{"line":27,"column":31}},"loc":{"start":{"line":27,"column":39},"end":{"line":45,"column":1}},"line":27},"4":{"name":"(anonymous_4)","decl":{"start":{"line":47,"column":36},"end":{"line":47,"column":37}},"loc":{"start":{"line":47,"column":50},"end":{"line":58,"column":1}},"line":47},"5":{"name":"(anonymous_5)","decl":{"start":{"line":60,"column":24},"end":{"line":60,"column":25}},"loc":{"start":{"line":60,"column":44},"end":{"line":70,"column":1}},"line":60},"6":{"name":"(anonymous_6)","decl":{"start":{"line":62,"column":11},"end":{"line":62,"column":12}},"loc":{"start":{"line":62,"column":24},"end":{"line":69,"column":5}},"line":62},"7":{"name":"(anonymous_7)","decl":{"start":{"line":64,"column":30},"end":{"line":64,"column":31}},"loc":{"start":{"line":64,"column":36},"end":{"line":68,"column":9}},"line":64},"8":{"name":"(anonymous_8)","decl":{"start":{"line":72,"column":24},"end":{"line":72,"column":25}},"loc":{"start":{"line":72,"column":45},"end":{"line":83,"column":1}},"line":72},"9":{"name":"(anonymous_9)","decl":{"start":{"line":74,"column":11},"end":{"line":74,"column":12}},"loc":{"start":{"line":74,"column":24},"end":{"line":82,"column":5}},"line":74},"10":{"name":"(anonymous_10)","decl":{"start":{"line":78,"column":23},"end":{"line":78,"column":24}},"loc":{"start":{"line":78,"column":35},"end":{"line":80,"column":13}},"line":78},"11":{"name":"(anonymous_11)","decl":{"start":{"line":90,"column":60},"end":{"line":90,"column":61}},"loc":{"start":{"line":90,"column":72},"end":{"line":97,"column":1}},"line":90},"12":{"name":"(anonymous_12)","decl":{"start":{"line":105,"column":29},"end":{"line":105,"column":30}},"loc":{"start":{"line":105,"column":52},"end":{"line":118,"column":1}},"line":105},"13":{"name":"(anonymous_13)","decl":{"start":{"line":124,"column":41},"end":{"line":124,"column":42}},"loc":{"start":{"line":124,"column":58},"end":{"line":128,"column":1}},"line":124},"14":{"name":"(anonymous_14)","decl":{"start":{"line":135,"column":33},"end":{"line":135,"column":34}},"loc":{"start":{"line":135,"column":63},"end":{"line":143,"column":1}},"line":135},"15":{"name":"(anonymous_15)","decl":{"start":{"line":137,"column":30},"end":{"line":137,"column":31}},"loc":{"start":{"line":137,"column":47},"end":{"line":139,"column":9}},"line":137},"16":{"name":"(anonymous_16)","decl":{"start":{"line":150,"column":32},"end":{"line":150,"column":33}},"loc":{"start":{"line":150,"column":88},"end":{"line":156,"column":1}},"line":150},"17":{"name":"(anonymous_17)","decl":{"start":{"line":158,"column":41},"end":{"line":158,"column":42}},"loc":{"start":{"line":158,"column":55},"end":{"line":166,"column":1}},"line":158},"18":{"name":"(anonymous_18)","decl":{"start":{"line":171,"column":38},"end":{"line":171,"column":39}},"loc":{"start":{"line":171,"column":50},"end":{"line":173,"column":1}},"line":171},"19":{"name":"(anonymous_19)","decl":{"start":{"line":180,"column":35},"end":{"line":180,"column":36}},"loc":{"start":{"line":180,"column":54},"end":{"line":183,"column":1}},"line":180},"20":{"name":"(anonymous_20)","decl":{"start":{"line":188,"column":39},"end":{"line":188,"column":40}},"loc":{"start":{"line":188,"column":49},"end":{"line":192,"column":1}},"line":188},"21":{"name":"(anonymous_21)","decl":{"start":{"line":195,"column":35},"end":{"line":195,"column":36}},"loc":{"start":{"line":195,"column":42},"end":{"line":199,"column":1}},"line":195},"22":{"name":"(anonymous_22)","decl":{"start":{"line":206,"column":32},"end":{"line":206,"column":33}},"loc":{"start":{"line":206,"column":45},"end":{"line":222,"column":1}},"line":206},"23":{"name":"(anonymous_23)","decl":{"start":{"line":228,"column":31},"end":{"line":228,"column":32}},"loc":{"start":{"line":228,"column":39},"end":{"line":241,"column":1}},"line":228},"24":{"name":"(anonymous_24)","decl":{"start":{"line":248,"column":49},"end":{"line":248,"column":50}},"loc":{"start":{"line":248,"column":61},"end":{"line":256,"column":1}},"line":248},"25":{"name":"(anonymous_25)","decl":{"start":{"line":249,"column":36},"end":{"line":249,"column":37}},"loc":{"start":{"line":249,"column":48},"end":{"line":253,"column":5}},"line":249},"26":{"name":"(anonymous_26)","decl":{"start":{"line":263,"column":55},"end":{"line":263,"column":56}},"loc":{"start":{"line":263,"column":75},"end":{"line":271,"column":1}},"line":263},"27":{"name":"(anonymous_27)","decl":{"start":{"line":264,"column":45},"end":{"line":264,"column":46}},"loc":{"start":{"line":264,"column":57},"end":{"line":268,"column":5}},"line":264},"28":{"name":"(anonymous_28)","decl":{"start":{"line":277,"column":46},"end":{"line":277,"column":47}},"loc":{"start":{"line":277,"column":53},"end":{"line":284,"column":1}},"line":277},"29":{"name":"(anonymous_29)","decl":{"start":{"line":290,"column":46},"end":{"line":290,"column":47}},"loc":{"start":{"line":290,"column":86},"end":{"line":320,"column":1}},"line":290},"30":{"name":"(anonymous_30)","decl":{"start":{"line":327,"column":44},"end":{"line":327,"column":45}},"loc":{"start":{"line":327,"column":78},"end":{"line":339,"column":1}},"line":327},"31":{"name":"(anonymous_31)","decl":{"start":{"line":328,"column":31},"end":{"line":328,"column":32}},"loc":{"start":{"line":328,"column":43},"end":{"line":333,"column":5}},"line":328},"32":{"name":"(anonymous_32)","decl":{"start":{"line":333,"column":13},"end":{"line":333,"column":14}},"loc":{"start":{"line":333,"column":22},"end":{"line":338,"column":5}},"line":333},"33":{"name":"(anonymous_33)","decl":{"start":{"line":346,"column":28},"end":{"line":346,"column":29}},"loc":{"start":{"line":346,"column":41},"end":{"line":399,"column":1}},"line":346},"34":{"name":"(anonymous_34)","decl":{"start":{"line":349,"column":59},"end":{"line":349,"column":60}},"loc":{"start":{"line":349,"column":76},"end":{"line":351,"column":5}},"line":349},"35":{"name":"(anonymous_35)","decl":{"start":{"line":359,"column":18},"end":{"line":359,"column":19}},"loc":{"start":{"line":359,"column":35},"end":{"line":366,"column":5}},"line":359},"36":{"name":"(anonymous_36)","decl":{"start":{"line":368,"column":44},"end":{"line":368,"column":45}},"loc":{"start":{"line":368,"column":52},"end":{"line":368,"column":56}},"line":368},"37":{"name":"(anonymous_37)","decl":{"start":{"line":370,"column":24},"end":{"line":370,"column":25}},"loc":{"start":{"line":370,"column":37},"end":{"line":394,"column":5}},"line":370},"38":{"name":"(anonymous_38)","decl":{"start":{"line":406,"column":59},"end":{"line":406,"column":60}},"loc":{"start":{"line":406,"column":72},"end":{"line":419,"column":1}},"line":406},"39":{"name":"(anonymous_39)","decl":{"start":{"line":410,"column":39},"end":{"line":410,"column":40}},"loc":{"start":{"line":410,"column":51},"end":{"line":410,"column":76}},"line":410},"40":{"name":"(anonymous_40)","decl":{"start":{"line":410,"column":86},"end":{"line":410,"column":87}},"loc":{"start":{"line":410,"column":98},"end":{"line":413,"column":9}},"line":410},"41":{"name":"(anonymous_41)","decl":{"start":{"line":426,"column":49},"end":{"line":426,"column":50}},"loc":{"start":{"line":426,"column":73},"end":{"line":445,"column":1}},"line":426},"42":{"name":"(anonymous_42)","decl":{"start":{"line":428,"column":69},"end":{"line":428,"column":70}},"loc":{"start":{"line":428,"column":81},"end":{"line":428,"column":100}},"line":428},"43":{"name":"(anonymous_43)","decl":{"start":{"line":428,"column":107},"end":{"line":428,"column":108}},"loc":{"start":{"line":428,"column":119},"end":{"line":430,"column":5}},"line":428},"44":{"name":"(anonymous_44)","decl":{"start":{"line":433,"column":42},"end":{"line":433,"column":43}},"loc":{"start":{"line":433,"column":52},"end":{"line":439,"column":9}},"line":433},"45":{"name":"(anonymous_45)","decl":{"start":{"line":447,"column":31},"end":{"line":447,"column":32}},"loc":{"start":{"line":447,"column":37},"end":{"line":453,"column":1}},"line":447},"46":{"name":"(anonymous_46)","decl":{"start":{"line":455,"column":42},"end":{"line":455,"column":43}},"loc":{"start":{"line":455,"column":48},"end":{"line":466,"column":1}},"line":455},"47":{"name":"(anonymous_47)","decl":{"start":{"line":457,"column":43},"end":{"line":457,"column":44}},"loc":{"start":{"line":457,"column":58},"end":{"line":464,"column":9}},"line":457},"48":{"name":"(anonymous_48)","decl":{"start":{"line":458,"column":51},"end":{"line":458,"column":52}},"loc":{"start":{"line":458,"column":75},"end":{"line":463,"column":13}},"line":458},"49":{"name":"(anonymous_49)","decl":{"start":{"line":460,"column":53},"end":{"line":460,"column":54}},"loc":{"start":{"line":460,"column":66},"end":{"line":462,"column":21}},"line":460},"50":{"name":"(anonymous_50)","decl":{"start":{"line":468,"column":37},"end":{"line":468,"column":38}},"loc":{"start":{"line":468,"column":117},"end":{"line":470,"column":1}},"line":468},"51":{"name":"(anonymous_51)","decl":{"start":{"line":472,"column":28},"end":{"line":472,"column":29}},"loc":{"start":{"line":472,"column":41},"end":{"line":478,"column":1}},"line":472},"52":{"name":"(anonymous_52)","decl":{"start":{"line":480,"column":54},"end":{"line":480,"column":55}},"loc":{"start":{"line":480,"column":77},"end":{"line":482,"column":1}},"line":480},"53":{"name":"(anonymous_53)","decl":{"start":{"line":484,"column":20},"end":{"line":484,"column":21}},"loc":{"start":{"line":484,"column":34},"end":{"line":497,"column":1}},"line":484},"54":{"name":"(anonymous_54)","decl":{"start":{"line":486,"column":33},"end":{"line":486,"column":34}},"loc":{"start":{"line":486,"column":40},"end":{"line":493,"column":9}},"line":486},"55":{"name":"(anonymous_55)","decl":{"start":{"line":499,"column":35},"end":{"line":499,"column":36}},"loc":{"start":{"line":499,"column":49},"end":{"line":506,"column":1}},"line":499},"56":{"name":"(anonymous_56)","decl":{"start":{"line":508,"column":36},"end":{"line":508,"column":37}},"loc":{"start":{"line":508,"column":77},"end":{"line":519,"column":1}},"line":508},"57":{"name":"(anonymous_57)","decl":{"start":{"line":509,"column":28},"end":{"line":509,"column":29}},"loc":{"start":{"line":509,"column":36},"end":{"line":509,"column":62}},"line":509},"58":{"name":"(anonymous_58)","decl":{"start":{"line":521,"column":48},"end":{"line":521,"column":49}},"loc":{"start":{"line":521,"column":60},"end":{"line":534,"column":1}},"line":521},"59":{"name":"(anonymous_59)","decl":{"start":{"line":536,"column":28},"end":{"line":536,"column":29}},"loc":{"start":{"line":536,"column":48},"end":{"line":550,"column":1}},"line":536},"60":{"name":"(anonymous_60)","decl":{"start":{"line":539,"column":42},"end":{"line":539,"column":43}},"loc":{"start":{"line":539,"column":53},"end":{"line":549,"column":5}},"line":539},"61":{"name":"(anonymous_61)","decl":{"start":{"line":544,"column":31},"end":{"line":544,"column":32}},"loc":{"start":{"line":544,"column":44},"end":{"line":546,"column":13}},"line":544},"62":{"name":"(anonymous_62)","decl":{"start":{"line":552,"column":33},"end":{"line":552,"column":34}},"loc":{"start":{"line":552,"column":55},"end":{"line":556,"column":1}},"line":552},"63":{"name":"(anonymous_63)","decl":{"start":{"line":558,"column":38},"end":{"line":558,"column":39}},"loc":{"start":{"line":558,"column":52},"end":{"line":560,"column":1}},"line":558},"64":{"name":"(anonymous_64)","decl":{"start":{"line":562,"column":39},"end":{"line":562,"column":40}},"loc":{"start":{"line":562,"column":107},"end":{"line":581,"column":1}},"line":562},"65":{"name":"(anonymous_65)","decl":{"start":{"line":564,"column":20},"end":{"line":564,"column":21}},"loc":{"start":{"line":564,"column":25},"end":{"line":574,"column":5}},"line":564},"66":{"name":"(anonymous_66)","decl":{"start":{"line":570,"column":29},"end":{"line":570,"column":30}},"loc":{"start":{"line":570,"column":38},"end":{"line":572,"column":13}},"line":570},"67":{"name":"(anonymous_67)","decl":{"start":{"line":583,"column":41},"end":{"line":583,"column":42}},"loc":{"start":{"line":583,"column":145},"end":{"line":587,"column":1}},"line":583},"68":{"name":"(anonymous_68)","decl":{"start":{"line":589,"column":41},"end":{"line":589,"column":42}},"loc":{"start":{"line":597,"column":5},"end":{"line":612,"column":1}},"line":597},"69":{"name":"(anonymous_69)","decl":{"start":{"line":598,"column":53},"end":{"line":598,"column":54}},"loc":{"start":{"line":598,"column":75},"end":{"line":600,"column":5}},"line":598},"70":{"name":"(anonymous_70)","decl":{"start":{"line":614,"column":48},"end":{"line":614,"column":49}},"loc":{"start":{"line":614,"column":84},"end":{"line":620,"column":1}},"line":614},"71":{"name":"(anonymous_71)","decl":{"start":{"line":622,"column":33},"end":{"line":622,"column":34}},"loc":{"start":{"line":622,"column":41},"end":{"line":642,"column":1}},"line":622},"72":{"name":"(anonymous_72)","decl":{"start":{"line":625,"column":18},"end":{"line":625,"column":19}},"loc":{"start":{"line":625,"column":31},"end":{"line":639,"column":5}},"line":625},"73":{"name":"(anonymous_73)","decl":{"start":{"line":645,"column":27},"end":{"line":645,"column":28}},"loc":{"start":{"line":645,"column":75},"end":{"line":651,"column":1}},"line":645},"74":{"name":"(anonymous_74)","decl":{"start":{"line":647,"column":20},"end":{"line":647,"column":21}},"loc":{"start":{"line":647,"column":26},"end":{"line":649,"column":5}},"line":647},"75":{"name":"(anonymous_75)","decl":{"start":{"line":653,"column":63},"end":{"line":653,"column":64}},"loc":{"start":{"line":653,"column":245},"end":{"line":665,"column":1}},"line":653},"76":{"name":"(anonymous_76)","decl":{"start":{"line":667,"column":27},"end":{"line":667,"column":28}},"loc":{"start":{"line":667,"column":49},"end":{"line":679,"column":1}},"line":667},"77":{"name":"(anonymous_77)","decl":{"start":{"line":669,"column":29},"end":{"line":669,"column":30}},"loc":{"start":{"line":669,"column":49},"end":{"line":675,"column":9}},"line":669}},"branchMap":{"0":{"loc":{"start":{"line":19,"column":20},"end":{"line":19,"column":2013}},"type":"if","locations":[{"start":{"line":19,"column":20},"end":{"line":19,"column":2013}},{"start":{},"end":{}}],"line":19},"1":{"loc":{"start":{"line":19,"column":24},"end":{"line":19,"column":1997}},"type":"binary-expr","locations":[{"start":{"line":19,"column":24},"end":{"line":19,"column":363}},{"start":{"line":19,"column":367},"end":{"line":19,"column":1997}}],"line":19},"2":{"loc":{"start":{"line":19,"column":2017},"end":{"line":19,"column":2056}},"type":"binary-expr","locations":[{"start":{"line":19,"column":2017},"end":{"line":19,"column":2036}},{"start":{"line":19,"column":2040},"end":{"line":19,"column":2056}}],"line":19},"3":{"loc":{"start":{"line":39,"column":4},"end":{"line":42,"column":5}},"type":"if","locations":[{"start":{"line":39,"column":4},"end":{"line":42,"column":5}},{"start":{},"end":{}}],"line":39},"4":{"loc":{"start":{"line":39,"column":8},"end":{"line":40,"column":47}},"type":"binary-expr","locations":[{"start":{"line":39,"column":8},"end":{"line":39,"column":48}},{"start":{"line":40,"column":11},"end":{"line":40,"column":47}}],"line":39},"5":{"loc":{"start":{"line":75,"column":8},"end":{"line":81,"column":9}},"type":"if","locations":[{"start":{"line":75,"column":8},"end":{"line":81,"column":9}},{"start":{},"end":{}}],"line":75},"6":{"loc":{"start":{"line":92,"column":8},"end":{"line":93,"column":29}
[...]
},{"start":{},"end":{}}],"line":313},"38":{"loc":{"start":{"line":315,"column":24},"end":{"line":315,"column":136}},"type":"binary-expr","locations":[{"start":{"line":315,"column":24},"end":{"line":315,"column":37}},{"start":{"line":315,"column":41},"end":{"line":315,"column":136}}],"line":315},"39":{"loc":{"start":{"line":362,"column":8},"end":{"line":364,"column":9}},"type":"if","locations":[{"start":{"line":362,"column":8},"end":{"line":364,"column":9}},{"start":{},"end":{}}],"line":362},"40":{"loc":{"start":{"line":362,"column":12},"end":{"line":362,"column":103}},"type":"binary-expr","locations":[{"start":{"line":362,"column":12},"end":{"line":362,"column":35}},{"start":{"line":362,"column":39},"end":{"line":362,"column":88}},{"start":{"line":362,"column":92},"end":{"line":362,"column":103}}],"line":362},"41":{"loc":{"start":{"line":371,"column":24},"end":{"line":371,"column":59}},"type":"cond-expr","locations":[{"start":{"line":371,"column":51},"end":{"line":371,"column":54}},{"start":{"line":371,"column":57},"end":{"line":371,"column":59}}],"line":371},"42":{"loc":{"start":{"line":375,"column":8},"end":{"line":393,"column":9}},"type":"if","locations":[{"start":{"line":375,"column":8},"end":{"line":393,"column":9}},{"start":{"line":377,"column":15},"end":{"line":393,"column":9}}],"line":375},"43":{"loc":{"start":{"line":378,"column":12},"end":{"line":380,"column":13}},"type":"if","locations":[{"start":{"line":378,"column":12},"end":{"line":380,"column":13}},{"start":{},"end":{}}],"line":378},"44":{"loc":{"start":{"line":382,"column":12},"end":{"line":392,"column":13}},"type":"if","locations":[{"start":{"line":382,"column":12},"end":{"line":392,"column":13}},{"start":{"line":385,"column":17},"end":{"line":392,"column":13}}],"line":382},"45":{"loc":{"start":{"line":386,"column":42},"end":{"line":386,"column":78}},"type":"cond-expr","locations":[{"start":{"line":386,"column":64},"end":{"line":386,"column":73}},{"start":{"line":386,"column":76},"end":{"line":386,"column":78}}],"line":386},"46":{"loc":{"start":{"line":387,"column":16},"end":{"line":391,"column":17}},"type":"if","locations":[{"start":{"line":387,"column":16},"end":{"line":391,"column":17}},{"start":{"line":389,"column":23},"end":{"line":391,"column":17}}],"line":387},"47":{"loc":{"start":{"line":407,"column":4},"end":{"line":416,"column":5}},"type":"if","locations":[{"start":{"line":407,"column":4},"end":{"line":416,"column":5}},{"start":{},"end":{}}],"line":407},"48":{"loc":{"start":{"line":431,"column":4},"end":{"line":440,"column":5}},"type":"if","locations":[{"start":{"line":431,"column":4},"end":{"line":440,"column":5}},{"start":{},"end":{}}],"line":431},"49":{"loc":{"start":{"line":431,"column":8},"end":{"line":431,"column":61}},"type":"binary-expr","locations":[{"start":{"line":431,"column":8},"end":{"line":431,"column":32}},{"start":{"line":431,"column":36},"end":{"line":431,"column":61}}],"line":431},"50":{"loc":{"start":{"line":434,"column":12},"end":{"line":438,"column":13}},"type":"if","locations":[{"start":{"line":434,"column":12},"end":{"line":438,"column":13}},{"start":{"line":436,"column":19},"end":{"line":438,"column":13}}],"line":434},"51":{"loc":{"start":{"line":441,"column":4},"end":{"line":442,"column":52}},"type":"if","locations":[{"start":{"line":441,"column":4},"end":{"line":442,"column":52}},{"start":{},"end":{}}],"line":441},"52":{"loc":{"start":{"line":448,"column":11},"end":{"line":451,"column":51}},"type":"binary-expr","locations":[{"start":{"line":448,"column":11},"end":{"line":448,"column":27}},{"start":{"line":448,"column":31},"end":{"line":448,"column":69}},{"start":{"line":449,"column":8},"end":{"line":449,"column":27}},{"start":{"line":450,"column":8},"end":{"line":450,"column":51}},{"start":{"line":451,"column":8},"end":{"line":451,"column":51}}],"line":448},"53":{"loc":{"start":{"line":456,"column":4},"end":{"line":465,"column":5}},"type":"if","locations":[{"start":{"line":456,"column":4},"end":{"line":465,"column":5}},{"start":{},"end":{}}],"line":456},"54":{"loc":{"start":{"line":459,"column":16},"end":{"line":462,"column":23}},"type":"if","locations":[{"start":{"line":459,"column":16},"end":{"line":462,"column":23}},{"start":{},"end":{}}],"line":459},"55":{"loc":{"start":{"line":469,"column":11},"end":{"line":469,"column":91}},"type":"binary-expr","locations":[{"start":{"line":469,"column":11},"end":{"line":469,"column":13}},{"start":{"line":469,"column":17},"end":{"line":469,"column":43}},{"start":{"line":469,"column":47},"end":{"line":469,"column":77}},{"start":{"line":469,"column":81},"end":{"line":469,"column":91}}],"line":469},"56":{"loc":{"start":{"line":473,"column":4},"end":{"line":477,"column":5}},"type":"if","locations":[{"start":{"line":473,"column":4},"end":{"line":477,"column":5}},{"start":{"line":475,"column":11},"end":{"line":477,"column":5}}],"line":473},"57":{"loc":{"start":{"line":481,"column":11},"end":{"line":481,"column":54}},"type":"binary-expr","locations":[{"start":{"line":481,"column":11},"end":{"line":481,"column":48}},{"start":{"line":481,"column":52},"end":{"line":481,"column":54}}],"line":481},"58":{"loc":{"start":{"line":485,"column":4},"end":{"line":494,"column":5}},"type":"if","locations":[{"start":{"line":485,"column":4},"end":{"line":494,"column":5}},{"start":{},"end":{}}],"line":485},"59":{"loc":{"start":{"line":487,"column":12},"end":{"line":492,"column":13}},"type":"if","locations":[{"start":{"line":487,"column":12},"end":{"line":492,"column":13}},{"start":{"line":489,"column":19},"end":{"line":492,"column":13}}],"line":487},"60":{"loc":{"start":{"line":487,"column":16},"end":{"line":487,"column":78}},"type":"binary-expr","locations":[{"start":{"line":487,"column":16},"end":{"line":487,"column":43}},{"start":{"line":487,"column":47},"end":{"line":487,"column":78}}],"line":487},"61":{"loc":{"start":{"line":490,"column":16},"end":{"line":491,"column":39}},"type":"if","locations":[{"start":{"line":490,"column":16},"end":{"line":491,"column":39}},{"start":{},"end":{}}],"line":490},"62":{"loc":{"start":{"line":501,"column":4},"end":{"line":503,"column":5}},"type":"if","locations":[{"start":{"line":501,"column":4},"end":{"line":503,"column":5}},{"start":{},"end":{}}],"line":501},"63":{"loc":{"start":{"line":510,"column":4},"end":{"line":518,"column":5}},"type":"if","locations":[{"start":{"line":510,"column":4},"end":{"line":518,"column":5}},{"start":{"line":514,"column":11},"end":{"line":518,"column":5}}],"line":510},"64":{"loc":{"start":{"line":522,"column":4},"end":{"line":533,"column":5}},"type":"switch","locations":[{"start":{"line":523,"column":8},"end":{"line":524,"column":72}},{"start":{"line":525,"column":8},"end":{"line":526,"column":72}},{"start":{"line":527,"column":8},"end":{"line":528,"column":71}},{"start":{"line":529,"column":8},"end":{"line":530,"column":69}},{"start":{"line":531,"column":8},"end":{"line":532,"column":71}}],"line":522},"65":{"loc":{"start":{"line":542,"column":8},"end":{"line":547,"column":9}},"type":"if","locations":[{"start":{"line":542,"column":8},"end":{"line":547,"column":9}},{"start":{},"end":{}}],"line":542},"66":{"loc":{"start":{"line":554,"column":4},"end":{"line":555,"column":52}},"type":"if","locations":[{"start":{"line":554,"column":4},"end":{"line":555,"column":52}},{"start":{},"end":{}}],"line":554},"67":{"loc":{"start":{"line":559,"column":11},"end":{"line":559,"column":81}},"type":"binary-expr","locations":[{"start":{"line":559,"column":11},"end":{"line":559,"column":23}},{"start":{"line":559,"column":27},"end":{"line":559,"column":44}},{"start":{"line":559,"column":48},"end":{"line":559,"column":60}},{"start":{"line":559,"column":64},"end":{"line":559,"column":81}}],"line":559},"68":{"loc":{"start":{"line":565,"column":8},"end":{"line":573,"column":9}},"type":"if","locations":[{"start":{"line":565,"column":8},"end":{"line":573,"column":9}},{"start":{"line":567,"column":15},"end":{"line":573,"column":9}}],"line":565},"69":{"loc":{"start":{"line":567,"column":15},"end":{"line":573,"column":9}},"type":"if","locations":[{"start":{"line":567,"column":15},"end":{"line":573,"column":9}},{"start":{"line":569,"column":15},"end":{"line":573,"column":9}}],"line":567},"70":{"loc":{"start":{"line":569,"column":15},"end":{"line":573,"column":9}},"type":"if","locations":[{"start":{"line":569,"column":15},"end":{"line":573,"column":9}},{"start":{},"end":{}}],"line":569},"71":{"loc":{"start":{"line":576,"column":4},"end":{"line":578,"column":5}},"type":"if","locations":[{"start":{"line":576,"column":4},"end":{"line":578,"column":5}},{"start":{},"end":{}}],"line":576},"72":{"loc":{"start":{"line":576,"column":8},"end":{"line":576,"column":28}},"type":"binary-expr","locations":[{"start":{"line":576,"column":8},"end":{"line":576,"column":14}},{"start":{"line":576,"column":18},"end":{"line":576,"column":28}}],"line":576},"73":{"loc":{"start":{"line":583,"column":58},"end":{"line":583,"column":96}},"type":"default-arg","locations":[{"start":{"line":583,"column":94},"end":{"line":583,"column":96}}],"line":583},"74":{"loc":{"start":{"line":583,"column":98},"end":{"line":583,"column":140}},"type":"default-arg","locations":[{"start":{"line":583,"column":138},"end":{"line":583,"column":140}}],"line":583},"75":{"loc":{"start":{"line":584,"column":4},"end":{"line":584,"column":81}},"type":"if","locations":[{"start":{"line":584,"column":4},"end":{"line":584,"column":81}},{"start":{},"end":{}}],"line":584},"76":{"loc":{"start":{"line":585,"column":4},"end":{"line":585,"column":89}},"type":"if","locations":[{"start":{"line":585,"column":4},"end":{"line":585,"column":89}},{"start":{},"end":{}}],"line":585},"77":{"loc":{"start":{"line":602,"column":4},"end":{"line":606,"column":5}},"type":"if","locations":[{"start":{"line":602,"column":4},"end":{"line":606,"column":5}},{"start":{"line":604,"column":11},"end":{"line":606,"column":5}}],"line":602},"78":{"loc":{"start":{"line":603,"column":58},"end":{"line":603,"column":100}},"type":"cond-expr","locations":[{"start":{"line":603,"column":86},"end":{"line":603,"column":91}},{"start":{"line":603,"column":94},"end":{"line":603,"column":100}}],"line":603},"79":{"loc":{"start":{"line":608,"column":4},"end":{"line":611,"column":5}},"type":"if","locations":[{"start":{"line":608,"column":4},"end":{"line":611,"column":5}},{"start":{},"end":{}}],"line":608},"80":{"loc":{"start":{"line":608,"column":9},"end":{"line":608,"column":68}},"type":"binary-expr","locations":[{"start":{"line":608,"column":9},"end":{"line":608,"column":36}},{"start":{"line":608,"column":40},"end":{"line":608,"column":68}}],"line":608},"81":{"loc":{"start":{"line":609,"column":8},"end":{"line":609,"column":63}},"type":"if","locations":[{"start":{"line":609,"column":8},"end":{"line":609,"column":63}},{"start":{},"end":{}}],"line":609},"82":{"loc":{"start":{"line":609,"column":12},"end":{"line":609,"column":54}},"type":"binary-expr","locations":[{"start":{"line":609,"column":12},"end":{"line":609,"column":36}},{"start":{"line":609,"column":40},"end":{"line":609,"column":54}}],"line":609},"83":{"loc":{"start":{"line":615,"column":4},"end":{"line":617,"column":5}},"type":"if","locations":[{"start":{"line":615,"column":4},"end":{"line":617,"column":5}},{"start":{},"end":{}}],"line":615},"84":{"loc":{"start":{"line":615,"column":8},"end":{"line":615,"column":55}},"type":"binary-expr","locations":[{"start":{"line":615,"column":8},"end":{"line":615,"column":46}},{"start":{"line":615,"column":50},"end":{"line":615,"column":55}}],"line":615},"85":{"loc":{"start":{"line":628,"column":41},"end":{"line":628,"column":54}},"type":"binary-expr","locations":[{"start":{"line":628,"column":41},"end":{"line":628,"column":48}},{"start":{"line":628,"column":52},"end":{"line":628,"column":54}}],"line":628},"86":{"loc":{"start":{"line":630,"column":8},"end":{"line":638,"column":9}},"type":"if","locations":[{"start":{"line":630,"column":8},"end":{"line":638,"column":9}},{"start":{"line":636,"column":15},"end":{"line":638,"column":9}}],"line":630},"87":{"loc":{"start":{"line":631,"column":12},"end":{"line":635,"column":13}},"type":"if","locations":[{"start":{"line":631,"column":12},"end":{"line":635,"column":13}},{"start":{"line":633,"column":19},"end":{"line":635,"column":13}}],"line":631},"88":{"loc":{"start":{"line":656,"column":4},"end":{"line":657,"column":74}},"type":"if","locations":[{"start":{"line":656,"column":4},"end":{"line":657,"column":74}},{"start":{},"end":{}}],"line":656},"89":{"loc":{"start":{"line":656,"column":8},"end":{"line":657,"column":55}},"type":"binary-expr","locations":[{"start":{"line":656,"column":8},"end":{"line":656,"column":22}},{"start":{"line":656,"column":27},"end":{"line":656,"column":68}},{"start":{"line":657,"column":11},"end":{"line":657,"column":54}}],"line":656},"90":{"loc":{"start":{"line":659,"column":4},"end":{"line":662,"column":24}},"type":"if","locations":[{"start":{"line":659,"column":4},"end":{"line":662,"column":24}},{"start":{},"end":{}}],"line":659},"91":{"loc":{"start":{"line":659,"column":8},"end":{"line":662,"column":5}},"type":"binary-expr","locations":[{"start":{"line":659,"column":8},"end":{"line":659,"column":22}},{"start":{"line":660,"column":8},"end":{"line":660,"column":47}},{"start":{"line":661,"column":11},"end":{"line":661,"column":46}}],"line":659},"92":{"loc":{"start":{"line":668,"column":4},"end":{"line":676,"column":5}},"type":"if","locations":[{"start":{"line":668,"column":4},"end":{"line":676,"column":5}},{"start":{},"end":{}}],"line":668},"93":{"loc":{"start":{"line":670,"column":12},"end":{"line":672,"column":13}},"type":"if","locations":[{"start":{"line":670,"column":12},"end":{"line":672,"column":13}},{"start":{},"end":{}}],"line":670}},"s":{"0":63,"1":0,"2":0,"3":0,"4":0,"5":0,"6":63,"7":0,"8":63,"9":0,"10":0,"11":0,"12":0,"13":0,"14":0,"15":0,"16":0,"17":0,"18":0,"19":0,"20":0,"21":63,"22":0,"23":0,"24":0,"25":0,"26":0,"27":0,"28":63,"29":0,"30":0,"31":0,"32":0,"33":0,"34":63,"35":0,"36":0,"37":0,"38":0,"39":0,"40":0,"41":0,"42":63,"43":0,"44":0,"45":0,"46":0,"47":63,"48":0,"49":0,"50":0,"51":0,"52":0,"53":0,"54":0,"55":0,"56":63,"57":0,"58":0,"59":0,"60":63,"61":0,"62":0,"63":0,"64":0,"65":63,"66":0,"67":0,"68":0,"69":0,"70":0,"71":63,"72":3,"73":3,"74":0,"75":0,"76":0,"77":0,"78":63,"79":0,"80":63,"81":0,"82":0,"83":63,"84":0,"85":0,"86":0,"87":0,"88":63,"89":0,"90":0,"91":0,"92":63,"93":0,"94":0,"95":0,"96":0,"97":0,"98":0,"99":0,"100":0,"101":0,"102":0,"103":0,"104":63,"105":0,"106":0,"107":0,"108":0,"109":0,"110":0,"111":0,"112":0,"113":0,"114":63,"115":0,"116":0,"117":0,"118":0,"119":0,"120":63,"121":0,"122":0,"123":0,"124":0,"125":0,"126":63,"127":0,"128":0,"129":0,"130":0,"131":63,"132":6,"133":0,"134":0,"135":6,"136":1,"137":1,"138":1,"139":1,"140":0,"141":1,"142":0,"143":0,"144":1,"145":1,"146":0,"147":0,"148":0,"149":0,"150":0,"151":0,"152":5,"153":63,"154":13,"155":0,"156":0,"157":63,"158":6,"159":6,"160":0,"161":6,"162":6,"163":6,"164":6,"165":6,"166":6,"167":70,"168":70,"169":70,"170":8,"171":70,"172":6,"173":88,"174":6,"175":64,"176":64,"177":64,"178":64,"179":10,"180":54,"181":4,"182":54,"183":8,"184":46,"185":46,"186":6,"187":40,"188":6,"189":6,"190":63,"191":6,"192":1,"193":1,"194":1,"195":9,"196":8,"197":8,"198":1,"199":5,"200":63,"201":6,"202":6,"203":54,"204":29,"205":6,"206":2,"207":2,"208":10,"209":2,"210":8,"211":6,"212":2,"213":4,"214":63,"215":1,"216":63,"217":8,"218":0,"219":0,"220":0,"221":0,"222":0,"223":63,"224":0,"225":63,"226":0,"227":0,"228":0,"229":63,"230":0,"231":63,"232":0,"233":0,"234":0,"235":0,"236":0,"237":0,"238":0,"239":63,"240":0,"241":0,"242":0,"243":0,"244":63,"245":0,"246":0,"247":0,"248":0,"249":0,"250":63,"251":20,"252":4,"253":4,"254":4,"255":4,"256":4,"257":63,"258":62,"259":62,"260":62,"261":0,"262":0,"263":0,"264":0,"265":0,"266":0,"267":63,"268":0,"269":0,"270":0,"271":63,"272":2,"273":63,"274":2,"275":2,"276":0,"277":0,"278":0,"279":0,"280":0,"281":0,"282":0,"283":2,"284":0,"285":2,"286":63,"287":0,"288":0,"289":0,"290":0,"291":0,"292":63,"293":0,"294":0,"295":0,"296":0,"297":0,"298":0,"299":0,"300":0,"301":0,"302":63,"303":0,"304":0,"305":0,"306":63,"307":2,"308":2,"309":2,"310":2,"311":2,"312":2,"313":2,"314":0,"315":0,"316":0,"317":2,"318":2,"319":63,"320":4,"321":4,"322":4,"323":4,"324":63,"325":2,"326":2,"327":0,"328":2,"329":0,"330":2,"331":63,"332":0,"333":0,"334":0,"335":0,"336":0,"337":0},"f":{"0":0,"1":0,"2":0,"3":0,"4":0,"5":0,"6":0,"7":0,"8":0,"9":0,"10":0,"11":0,"12":0,"13":0,"14":0,"15":0,"16":0,"17":3,"18":0,"19":0,"20":0,"21":0,"22":0,"23":0,"24":0,"25":0,"26":0,"27":0,"28":0,"29":6,"30":13,"31":0,"32":0,"33":6,"34":0,"35":70,"36":88,"37":64,"38":6,"39":9,"40":8,"41":6,"42":54,"43":29,"44":10,"45":1,"46":8,"47":0,"48":0,"49":0,"50":0,"51":0,"52":0,"53":0,"54":0,"55":0,"56":0,"57":0,"58":20,"59":62,"60":0,"61":0,"62":0,"63":2,"64":2,"65":0,"66":0,"67":0,"68":0,"69":0,"70":0,"71":2,"72":2,"73":4,"74":4,"75":2,"76":0,"77":0},"b":{"0":[0,0],"1":[0,0],"2":[0,0],"3":[0,0],"4":[0,0],"5":[0,0],"6":[0,0],"7":[0,0],"8":[0,0],"9":[0],"10":[0,0],"11":[0,0],"12":[3,0],"13":[0,0],"14":[0,0],"15":[0,0],"16":[0,0],"17":[0,0],"18":[0,0],"19":[0,0],"20":[0,0],"21":[0,0],"22":[0,0],"23":[0,0],"24":[0,0],"25":[0,0],"26":[0,0],"27":[0,0],"28":[0,0],"29":[6],"30":[0,6],"31":[1,5],"32":[1,1],"33":[0,1],"34":[0,1],"35":[1,0],"36":[0,0],"37":[0,0],"38":[0,0],"39":[8,62],"40":[70,10,10],"41":[52,12],"42":[10,54],"43":[4,50],"44":[8,46],"45":[38,8],"46":[6,40],"47":[1,5],"48":[2,4],"49":[6,5],"50":[2,8],"51":[2,4],"52":[1,1,1,1,1],"53":[0,8],"54":[0,0],"55":[0,0,0,0],"56":[0,0],"57":[0,0],"58":[0,0],"59":[0,0],"60":[0,0],"61":[0,0],"62":[0,0],"63":[0,0],"64":[4,4,4,4,4],"65":[0,0],"66":[0,0],"67":[2,2,2,2],"68":[0,0],"69":[0,0],"70":[0,0],"71":[0,2],"72":[2,2],"73":[0],"74":[0],"75":[0,0],"76":[0,0],"77":[0,0],"78":[0,0],"79":[0,0],"80":[0,0],"81":[0,0],"82":[0,0],"83":[0,0],"84":[0,0],"85":[2,2],"86":[0,2],"87":[0,0],"88":[0,2],"89":[2,0,0],"90":[0,2],"91":[2,0,0],"92":[0,0],"93":[0,0]},"_coverageSchema":"1a1c01bbd47fc00a2c39e90264f33305004495a9","hash":"8b3ae5ce37ce09268e7ce10caaf9230b76266a67"}
,"/Users/dat/code/authentication-front-end/src/utils/test-helpers.ts": {"path":"/Users/dat/code/authentication-front-end/src/utils/test-helpers.ts","statementMap":{"0":{"start":{"line":1,"column":38},"end":{"line":15,"column":1}},"1":{"start":{"line":2,"column":4},"end":{"line":14,"column":7}},"2":{"start":{"line":4,"column":54},"end":{"line":13,"column":9}},"3":{"start":{"line":17,"column":32},"end":{"line":23,"column":3}},"4":{"start":{"line":18,"column":27},"end":{"line":18,"column":36}},"5":{"start":{"line":19,"column":4},"end":{"line":22,"column":18}},"6":{"start":{"line":20,"column":6},"end":{"line":20,"column":79}},"7":{"start":{"line":20,"column":46},"end":{"line":20,"column":77}},"8":{"start":{"line":21,"column":6},"end":{"line":21,"column":17}}},"fnMap":{"0":{"name":"(anonymous_0)","decl":{"start":{"line":1,"column":38},"end":{"line":1,"column":39}},"loc":{"start":{"line":1,"column":44},"end":{"line":15,"column":1}},"line":1},"1":{"name":"(anonymous_1)","decl":{"start":{"line":4,"column":44},"end":{"line":4,"column":45}},"loc":{"start":{"line":4,"column":54},"end":{"line":13,"column":9}},"line":4},"2":{"name":"(anonymous_2)","decl":{"start":{"line":17,"column":32},"end":{"line":17,"column":33}},"loc":{"start":{"line":17,"column":51},"end":{"line":23,"column":3}},"line":17},"3":{"name":"(anonymous_3)","decl":{"start":{"line":19,"column":40},"end":{"line":19,"column":41}},"loc":{"start":{"line":19,"column":54},"end":{"line":22,"column":5}},"line":19},"4":{"name":"(anonymous_4)","decl":{"start":{"line":20,"column":40},"end":{"line":20,"column":41}},"loc":{"start":{"line":20,"column":46},"end":{"line":20,"column":77}},"line":20}},"branchMap":{},"s":{"0":6,"1":8,"2":54,"3":6,"4":0,"5":0,"6":0,"7":0,"8":0},"f":{"0":8,"1":54,"2":0,"3":0,"4":0},"b":{},"_coverageSchema":"1a1c01bbd47fc00a2c39e90264f33305004495a9","hash":"c60aef4ffc6131cbf7a0c6a6611f302b92ec6832"}
}
