TN:
SF:src/app/components/Provider/index.tsx
FN:7,MyProvider
FNF:1
FNH:1
FNDA:52,MyProvider
DA:5,31
DA:8,52
DA:10,52
LF:3
LH:3
BRDA:11,0,0,52
BRDA:11,0,1,52
BRF:2
BRH:2
end_of_record
TN:
SF:src/app/pages/EventDetailPage/components/AnnouncementModal.tsx
FN:29,(anonymous_0)
FN:43,(anonymous_1)
FN:63,(anonymous_2)
FN:68,(anonymous_3)
FN:77,(anonymous_4)
FN:78,(anonymous_5)
FN:79,(anonymous_6)
FN:83,(anonymous_7)
FN:89,(anonymous_8)
FN:93,(anonymous_9)
FN:106,(anonymous_10)
FNF:11
FNH:4
FNDA:8,(anonymous_0)
FNDA:0,(anonymous_1)
FNDA:1,(anonymous_2)
FNDA:2,(anonymous_3)
FNDA:0,(anonymous_4)
FNDA:0,(anonymous_5)
FNDA:0,(anonymous_6)
FNDA:3,(anonymous_7)
FNDA:0,(anonymous_8)
FNDA:0,(anonymous_9)
FNDA:0,(anonymous_10)
DA:17,2
DA:29,2
DA:31,8
DA:33,8
DA:35,8
DA:37,8
DA:39,8
DA:41,8
DA:43,8
DA:45,0
DA:47,0
DA:48,0
DA:52,0
DA:54,0
DA:55,0
DA:56,0
DA:57,0
DA:59,0
DA:63,8
DA:64,1
DA:65,1
DA:68,8
DA:70,2
DA:72,0
DA:73,0
DA:77,8
DA:78,0
DA:79,0
DA:83,8
DA:84,3
DA:85,2
DA:89,8
DA:90,0
DA:93,8
DA:94,0
DA:96,0
DA:98,0
DA:107,0
DA:109,0
DA:112,0
DA:120,8
DA:121,0
DA:165,8
LF:43
LH:22
BRDA:50,0,0,0
BRDA:50,0,1,0
BRDA:54,1,0,0
BRDA:54,1,1,0
BRDA:72,2,0,0
BRDA:72,2,1,0
BRDA:84,3,0,2
BRDA:84,3,1,1
BRDA:94,4,0,0
BRDA:94,4,1,0
BRDA:107,5,0,0
BRDA:107,5,1,0
BRDA:120,6,0,0
BRDA:120,6,1,8
BRF:14
BRH:3
end_of_record
TN:
SF:src/app/pages/EventDetailPage/components/ConfirmSharingInformationModal.tsx
FN:18,(anonymous_0)
FN:24,(anonymous_1)
FN:44,(anonymous_2)
FN:48,(anonymous_3)
FNF:4
FNH:4
FNDA:14,(anonymous_0)
FNDA:2,(anonymous_1)
FNDA:1,(anonymous_2)
FNDA:15,(anonymous_3)
DA:18,3
DA:20,14
DA:22,14
DA:24,14
DA:25,2
DA:26,2
DA:27,2
DA:29,2
DA:30,1
DA:31,1
DA:32,1
DA:34,1
DA:38,14
DA:44,1
DA:48,15
LF:15
LH:15
BRDA:29,0,0,1
BRDA:29,0,1,1
BRF:2
BRH:2
end_of_record
TN:
SF:src/app/pages/EventDetailPage/components/EventAnnouncement.tsx
FN:12,(anonymous_0)
FN:22,(anonymous_1)
FN:32,(anonymous_2)
FN:33,(anonymous_3)
FN:38,(anonymous_4)
FN:52,(anonymous_5)
FNF:6
FNH:3
FNDA:2,(anonymous_0)
FNDA:1,(anonymous_1)
FNDA:0,(anonymous_2)
FNDA:0,(anonymous_3)
FNDA:1,(anonymous_4)
FNDA:0,(anonymous_5)
DA:12,2
DA:14,2
DA:16,2
DA:18,2
DA:20,2
DA:22,2
DA:23,1
DA:24,1
DA:25,0
DA:27,0
DA:28,0
DA:32,2
DA:34,0
DA:38,2
DA:39,1
DA:43,2
DA:53,0
LF:17
LH:12
BRDA:27,0,0,0
BRDA:27,0,1,0
BRDA:28,1,0,0
BRDA:28,1,1,0
BRF:4
BRH:0
end_of_record
TN:
SF:src/app/pages/EventDetailPage/components/InformationNotSharedMessage.tsx
FN:11,(anonymous_0)
FN:19,(anonymous_1)
FN:40,(anonymous_2)
FNF:3
FNH:3
FNDA:6,(anonymous_0)
FNDA:28,(anonymous_1)
FNDA:1,(anonymous_2)
DA:11,2
DA:13,6
DA:15,6
DA:17,6
DA:19,6
DA:20,28
DA:21,20
DA:24,6
DA:27,3
DA:40,1
DA:46,3
DA:49,2
LF:12
LH:12
BRDA:20,0,0,20
BRDA:20,0,1,8
BRDA:20,1,0,28
BRDA:20,1,1,20
BRDA:24,2,0,3
BRDA:24,2,1,3
BRDA:24,3,0,6
BRDA:24,3,1,4
BRDA:24,3,2,3
BRF:9
BRH:9
end_of_record
TN:
SF:src/locales/i18n.ts
FNF:0
FNH:0
DA:8,88
DA:15,88
DA:17,88
LF:3
LH:3
BRDA:29,0,0,88
BRDA:29,0,1,88
BRF:2
BRH:2
end_of_record
TN:
SF:src/locales/translations.ts
FN:15,(anonymous_0)
FN:20,(anonymous_1)
FNF:2
FNH:2
FNDA:5720,(anonymous_0)
FNDA:112024,(anonymous_1)
DA:7,88
DA:15,88
DA:20,5720
DA:21,112024
DA:22,112024
DA:23,5632
DA:24,5632
DA:30,106392
LF:8
LH:8
BRDA:17,0,0,88
BRDA:21,1,0,107536
BRDA:21,1,1,4488
BRDA:22,2,0,5632
BRDA:22,2,1,106392
BRF:5
BRH:5
end_of_record
TN:
SF:src/services/live-data-server/event-calendars.ts
FN:8,(anonymous_0)
FN:13,(anonymous_1)
FN:24,(anonymous_2)
FN:28,(anonymous_3)
FN:34,(anonymous_4)
FN:40,(anonymous_5)
FN:44,(anonymous_6)
FN:45,(anonymous_7)
FN:52,(anonymous_8)
FN:60,(anonymous_9)
FN:64,(anonymous_10)
FN:72,(anonymous_11)
FN:82,(anonymous_12)
FN:88,(anonymous_13)
FN:94,(anonymous_14)
FN:98,(anonymous_15)
FN:104,(anonymous_16)
FN:108,(anonymous_17)
FN:116,(anonymous_18)
FN:122,(anonymous_19)
FN:126,(anonymous_20)
FN:130,(anonymous_21)
FN:134,(anonymous_22)
FN:140,(anonymous_23)
FN:144,(anonymous_24)
FN:148,(anonymous_25)
FN:156,(anonymous_26)
FN:165,(anonymous_27)
FN:171,(anonymous_28)
FN:175,(anonymous_29)
FN:179,(anonymous_30)
FNF:31
FNH:4
FNDA:0,(anonymous_0)
FNDA:0,(anonymous_1)
FNDA:2,(anonymous_2)
FNDA:0,(anonymous_3)
FNDA:0,(anonymous_4)
FNDA:0,(anonymous_5)
FNDA:0,(anonymous_6)
FNDA:0,(anonymous_7)
FNDA:0,(anonymous_8)
FNDA:0,(anonymous_9)
FNDA:0,(anonymous_10)
FNDA:0,(anonymous_11)
FNDA:0,(anonymous_12)
FNDA:0,(anonymous_13)
FNDA:0,(anonymous_14)
FNDA:0,(anonymous_15)
FNDA:0,(anonymous_16)
FNDA:2,(anonymous_17)
FNDA:0,(anonymous_18)
FNDA:0,(anonymous_19)
FNDA:1,(anonymous_20)
FNDA:0,(anonymous_21)
FNDA:0,(anonymous_22)
FNDA:0,(anonymous_23)
FNDA:1,(anonymous_24)
FNDA:0,(anonymous_25)
FNDA:0,(anonymous_26)
FNDA:0,(anonymous_27)
FNDA:0,(anonymous_28)
FNDA:0,(anonymous_29)
FNDA:0,(anonymous_30)
DA:8,62
DA:9,0
DA:10,0
DA:13,62
DA:14,0
DA:16,0
DA:24,62
DA:25,2
DA:28,62
DA:29,0
DA:34,62
DA:35,0
DA:40,62
DA:41,0
DA:44,62
DA:45,0
DA:46,0
DA:47,0
DA:48,0
DA:49,0
DA:50,0
DA:51,0
DA:53,0
DA:60,62
DA:61,0
DA:64,62
DA:65,0
DA:72,62
DA:73,0
DA:82,62
DA:83,0
DA:88,62
DA:89,0
DA:94,62
DA:95,0
DA:98,62
DA:99,0
DA:104,62
DA:105,0
DA:108,62
DA:109,2
DA:116,62
DA:117,0
DA:122,62
DA:123,0
DA:126,62
DA:127,1
DA:130,62
DA:131,0
DA:134,62
DA:135,0
DA:140,62
DA:141,0
DA:144,62
DA:145,1
DA:148,62
DA:149,0
DA:156,62
DA:157,0
DA:165,62
DA:166,0
DA:171,62
DA:172,0
DA:175,62
DA:176,0
DA:179,62
DA:180,0
LF:67
LH:33
BRDA:10,0,0,0
BRDA:10,0,1,0
BRDA:13,1,0,0
BRDA:16,2,0,0
BRDA:16,2,1,0
BRF:5
BRH:0
end_of_record
TN:
SF:src/services/live-data-server/participants.ts
FN:7,(anonymous_0)
FN:16,(anonymous_1)
FN:25,(anonymous_2)
FN:40,(anonymous_3)
FN:44,(anonymous_4)
FN:50,(anonymous_5)
FN:54,(anonymous_6)
FN:58,(anonymous_7)
FN:62,(anonymous_8)
FN:68,(anonymous_9)
FN:72,(anonymous_10)
FN:83,(anonymous_11)
FN:91,(anonymous_12)
FN:95,(anonymous_13)
FN:99,(anonymous_14)
FN:103,(anonymous_15)
FN:110,(anonymous_16)
FNF:17
FNH:2
FNDA:0,(anonymous_0)
FNDA:2,(anonymous_1)
FNDA:0,(anonymous_2)
FNDA:0,(anonymous_3)
FNDA:0,(anonymous_4)
FNDA:0,(anonymous_5)
FNDA:0,(anonymous_6)
FNDA:0,(anonymous_7)
FNDA:0,(anonymous_8)
FNDA:0,(anonymous_9)
FNDA:2,(anonymous_10)
FNDA:0,(anonymous_11)
FNDA:0,(anonymous_12)
FNDA:0,(anonymous_13)
FNDA:0,(anonymous_14)
FNDA:0,(anonymous_15)
FNDA:0,(anonymous_16)
DA:7,6
DA:8,0
DA:16,6
DA:17,2
DA:25,6
DA:26,0
DA:27,0
DA:28,0
DA:30,0
DA:32,0
DA:40,6
DA:41,0
DA:44,6
DA:45,0
DA:50,6
DA:51,0
DA:54,6
DA:55,0
DA:58,6
DA:59,0
DA:62,6
DA:63,0
DA:68,6
DA:69,0
DA:72,6
DA:73,2
DA:74,2
DA:83,6
DA:84,0
DA:91,6
DA:92,0
DA:95,6
DA:96,0
DA:99,6
DA:100,0
DA:103,6
DA:104,0
DA:110,6
DA:111,0
LF:39
LH:20
BRDA:7,0,0,0
BRDA:16,1,0,0
BRDA:27,2,0,0
BRDA:27,2,1,0
BRDA:32,3,0,0
BRDA:32,3,1,0
BRDA:72,4,0,0
BRDA:72,5,0,0
BRDA:72,6,0,0
BRF:9
BRH:0
end_of_record
TN:
SF:src/types/CalendarEvent.ts
FNF:0
FNH:0
LF:0
LH:0
BRF:0
BRH:0
end_of_record
TN:
SF:src/utils/helpers.ts
FN:16,(anonymous_0)
FN:19,(anonymous_1)
FN:23,(anonymous_2)
FN:27,(anonymous_3)
FN:47,(anonymous_4)
FN:60,(anonymous_5)
FN:62,(anonymous_6)
FN:64,(anonymous_7)
FN:72,(anonymous_8)
FN:74,(anonymous_9)
FN:78,(anonymous_10)
FN:90,(anonymous_11)
FN:105,(anonymous_12)
FN:124,(anonymous_13)
FN:135,(anonymous_14)
FN:137,(anonymous_15)
FN:150,(anonymous_16)
FN:158,(anonymous_17)
FN:171,(anonymous_18)
FN:180,(anonymous_19)
FN:188,(anonymous_20)
FN:195,(anonymous_21)
FN:206,(anonymous_22)
FN:228,(anonymous_23)
FN:248,(anonymous_24)
FN:249,(anonymous_25)
FN:263,(anonymous_26)
FN:264,(anonymous_27)
FN:277,(anonymous_28)
FN:290,(anonymous_29)
FN:327,(anonymous_30)
FN:328,(anonymous_31)
FN:333,(anonymous_32)
FN:346,(anonymous_33)
FN:349,(anonymous_34)
FN:359,(anonymous_35)
FN:368,(anonymous_36)
FN:370,(anonymous_37)
FN:406,(anonymous_38)
FN:410,(anonymous_39)
FN:410,(anonymous_40)
FN:426,(anonymous_41)
FN:428,(anonymous_42)
FN:428,(anonymous_43)
FN:433,(anonymous_44)
FN:447,(anonymous_45)
FN:455,(anonymous_46)
FN:457,(anonymous_47)
FN:458,(anonymous_48)
FN:460,(anonymous_49)
FN:468,(anonymous_50)
FN:472,(anonymous_51)
FN:480,(anonymous_52)
FN:484,(anonymous_53)
FN:486,(anonymous_54)
FN:499,(anonymous_55)
FN:508,(anonymous_56)
FN:509,(anonymous_57)
FN:521,(anonymous_58)
FN:536,(anonymous_59)
FN:539,(anonymous_60)
FN:544,(anonymous_61)
FN:552,(anonymous_62)
FN:558,(anonymous_63)
FN:562,(anonymous_64)
FN:564,(anonymous_65)
FN:570,(anonymous_66)
FN:583,(anonymous_67)
FN:589,(anonymous_68)
FN:598,(anonymous_69)
FN:614,(anonymous_70)
FN:622,(anonymous_71)
FN:625,(anonymous_72)
FN:645,(anonymous_73)
FN:647,(anonymous_74)
FN:653,(anonymous_75)
FN:667,(anonymous_76)
FN:669,(anonymous_77)
FNF:78
FNH:25
FNDA:0,(anonymous_0)
FNDA:0,(anonymous_1)
FNDA:0,(anonymous_2)
FNDA:0,(anonymous_3)
FNDA:0,(anonymous_4)
FNDA:0,(anonymous_5)
FNDA:0,(anonymous_6)
FNDA:0,(anonymous_7)
FNDA:0,(anonymous_8)
FNDA:0,(anonymous_9)
FNDA:0,(anonymous_10)
FNDA:0,(anonymous_11)
FNDA:0,(anonymous_12)
FNDA:0,(anonymous_13)
FNDA:0,(anonymous_14)
FNDA:0,(anonymous_15)
FNDA:0,(anonymous_16)
FNDA:3,(anonymous_17)
FNDA:0,(anonymous_18)
FNDA:0,(anonymous_19)
FNDA:0,(anonymous_20)
FNDA:0,(anonymous_21)
FNDA:0,(anonymous_22)
FNDA:0,(anonymous_23)
FNDA:0,(anonymous_24)
FNDA:0,(anonymous_25)
FNDA:0,(anonymous_26)
FNDA:0,(anonymous_27)
FNDA:0,(anonymous_28)
FNDA:6,(anonymous_29)
FNDA:13,(anonymous_30)
FNDA:0,(anonymous_31)
FNDA:0,(anonymous_32)
FNDA:6,(anonymous_33)
FNDA:0,(anonymous_34)
FNDA:70,(anonymous_35)
FNDA:88,(anonymous_36)
FNDA:64,(anonymous_37)
FNDA:6,(anonymous_38)
FNDA:9,(anonymous_39)
FNDA:8,(anonymous_40)
FNDA:6,(anonymous_41)
FNDA:54,(anonymous_42)
FNDA:29,(anonymous_43)
FNDA:10,(anonymous_44)
FNDA:1,(anonymous_45)
FNDA:8,(anonymous_46)
FNDA:0,(anonymous_47)
FNDA:0,(anonymous_48)
FNDA:0,(anonymous_49)
FNDA:0,(anonymous_50)
FNDA:0,(anonymous_51)
FNDA:0,(anonymous_52)
FNDA:0,(anonymous_53)
FNDA:0,(anonymous_54)
FNDA:0,(anonymous_55)
FNDA:0,(anonymous_56)
FNDA:0,(anonymous_57)
FNDA:20,(anonymous_58)
FNDA:62,(anonymous_59)
FNDA:0,(anonymous_60)
FNDA:0,(anonymous_61)
FNDA:0,(anonymous_62)
FNDA:2,(anonymous_63)
FNDA:2,(anonymous_64)
FNDA:0,(anonymous_65)
FNDA:0,(anonymous_66)
FNDA:0,(anonymous_67)
FNDA:0,(anonymous_68)
FNDA:0,(anonymous_69)
FNDA:0,(anonymous_70)
FNDA:2,(anonymous_71)
FNDA:2,(anonymous_72)
FNDA:4,(anonymous_73)
FNDA:4,(anonymous_74)
FNDA:2,(anonymous_75)
FNDA:0,(anonymous_76)
FNDA:0,(anonymous_77)
DA:16,63
DA:17,0
DA:19,0
DA:20,0
DA:23,63
DA:24,0
DA:27,63
DA:28,0
DA:29,0
DA:31,0
DA:32,0
DA:34,0
DA:35,0
DA:36,0
DA:39,0
DA:41,0
DA:44,0
DA:47,63
DA:49,0
DA:51,0
DA:52,0
DA:54,0
DA:56,0
DA:57,0
DA:60,63
DA:62,0
DA:63,0
DA:64,0
DA:65,0
DA:67,0
DA:72,63
DA:73,0
DA:74,0
DA:75,0
DA:76,0
DA:77,0
DA:78,0
DA:79,0
DA:90,63
DA:91,0
DA:92,0
DA:93,0
DA:96,0
DA:105,63
DA:107,0
DA:108,0
DA:109,0
DA:110,0
DA:111,0
DA:113,0
DA:114,0
DA:117,0
DA:124,63
DA:125,0
DA:127,0
DA:135,63
DA:136,0
DA:137,0
DA:138,0
DA:141,0
DA:150,63
DA:151,0
DA:153,0
DA:155,0
DA:158,63
DA:159,3
DA:161,0
DA:163,0
DA:165,0
DA:171,63
DA:172,0
DA:180,63
DA:181,0
DA:182,0
DA:188,63
DA:189,0
DA:190,0
DA:191,0
DA:195,63
DA:196,0
DA:197,0
DA:198,0
DA:206,63
DA:207,0
DA:209,0
DA:210,0
DA:211,0
DA:212,0
DA:213,0
DA:214,0
DA:215,0
DA:216,0
DA:217,0
DA:221,0
DA:228,63
DA:229,0
DA:230,0
DA:232,0
DA:233,0
DA:234,0
DA:235,0
DA:236,0
DA:237,0
DA:238,0
DA:248,63
DA:249,0
DA:250,0
DA:251,0
DA:252,0
DA:255,0
DA:263,63
DA:264,0
DA:265,0
DA:266,0
DA:267,0
DA:270,0
DA:277,63
DA:278,0
DA:279,0
DA:281,0
DA:282,0
DA:290,63
DA:291,6
DA:292,0
DA:293,0
DA:296,6
DA:297,1
DA:298,1
DA:299,1
DA:301,1
DA:303,1
DA:304,0
DA:305,0
DA:308,1
DA:309,1
DA:310,0
DA:311,0
DA:313,0
DA:314,0
DA:315,0
DA:318,5
DA:327,63
DA:328,13
DA:329,0
DA:334,0
DA:346,63
DA:348,6
DA:349,6
DA:350,0
DA:353,6
DA:354,6
DA:355,6
DA:356,6
DA:357,6
DA:359,6
DA:360,70
DA:361,70
DA:362,70
DA:363,8
DA:365,70
DA:368,88
DA:370,6
DA:371,64
DA:372,64
DA:373,64
DA:375,64
DA:376,10
DA:378,54
DA:379,4
DA:382,54
DA:383,8
DA:386,46
DA:387,46
DA:388,6
DA:390,40
DA:396,6
DA:398,6
DA:406,63
DA:407,6
DA:408,1
DA:409,1
DA:410,9
DA:411,8
DA:412,8
DA:415,1
DA:418,5
DA:426,63
DA:427,6
DA:428,54
DA:429,29
DA:431,6
DA:432,2
DA:433,2
DA:434,10
DA:435,2
DA:437,8
DA:441,6
DA:442,2
DA:444,4
DA:447,63
DA:448,1
DA:455,63
DA:456,8
DA:457,0
DA:458,0
DA:459,0
DA:460,0
DA:461,0
DA:468,63
DA:469,0
DA:472,63
DA:473,0
DA:474,0
DA:476,0
DA:480,63
DA:481,0
DA:484,63
DA:485,0
DA:486,0
DA:487,0
DA:488,0
DA:490,0
DA:491,0
DA:496,0
DA:499,63
DA:500,0
DA:501,0
DA:502,0
DA:505,0
DA:508,63
DA:509,0
DA:510,0
DA:511,0
DA:515,0
DA:521,63
DA:522,20
DA:524,4
DA:526,4
DA:528,4
DA:530,4
DA:532,4
DA:536,63
DA:537,62
DA:538,62
DA:539,62
DA:541,0
DA:542,0
DA:543,0
DA:544,0
DA:545,0
DA:548,0
DA:552,63
DA:553,0
DA:554,0
DA:555,0
DA:558,63
DA:559,2
DA:562,63
DA:563,2
DA:564,2
DA:565,0
DA:566,0
DA:567,0
DA:568,0
DA:569,0
DA:570,0
DA:571,0
DA:576,2
DA:577,0
DA:580,2
DA:583,63
DA:584,0
DA:585,0
DA:586,0
DA:589,63
DA:598,0
DA:599,0
DA:602,0
DA:603,0
DA:605,0
DA:608,0
DA:609,0
DA:610,0
DA:614,63
DA:615,0
DA:616,0
DA:619,0
DA:622,63
DA:623,2
DA:624,2
DA:625,2
DA:626,2
DA:627,2
DA:628,2
DA:630,2
DA:631,0
DA:632,0
DA:634,0
DA:637,2
DA:641,2
DA:645,63
DA:646,4
DA:647,4
DA:648,4
DA:650,4
DA:653,63
DA:654,2
DA:656,2
DA:657,0
DA:659,2
DA:662,0
DA:664,2
DA:667,63
DA:668,0
DA:669,0
DA:670,0
DA:671,0
DA:674,0
DA:678,0
LF:319
LH:141
BRDA:19,0,0,0
BRDA:19,0,1,0
BRDA:19,1,0,0
BRDA:19,1,1,0
BRDA:19,2,0,0
BRDA:19,2,1,0
BRDA:39,3,0,0
BRDA:39,3,1,0
BRDA:39,4,0,0
BRDA:39,4,1,0
BRDA:75,5,0,0
BRDA:75,5,1,0
BRDA:92,6,0,0
BRDA:92,6,1,0
BRDA:125,7,0,0
BRDA:125,7,1,0
BRDA:136,8,0,0
BRDA:136,8,1,0
BRDA:150,9,0,0
BRDA:151,10,0,0
BRDA:151,10,1,0
BRDA:153,11,0,0
BRDA:153,11,1,0
BRDA:159,12,0,3
BRDA:159,12,1,0
BRDA:163,13,0,0
BRDA:163,13,1,0
BRDA:189,14,0,0
BRDA:189,14,1,0
BRDA:198,15,0,0
BRDA:198,15,1,0
BRDA:209,16,0,0
BRDA:209,16,1,0
BRDA:210,17,0,0
BRDA:210,17,1,0
BRDA:211,18,0,0
BRDA:211,18,1,0
BRDA:211,19,0,0
BRDA:211,19,1,0
BRDA:213,20,0,0
BRDA:213,20,1,0
BRDA:230,21,0,0
BRDA:230,21,1,0
BRDA:230,22,0,0
BRDA:230,22,1,0
BRDA:236,23,0,0
BRDA:236,23,1,0
BRDA:251,24,0,0
BRDA:251,24,1,0
BRDA:266,25,0,0
BRDA:266,25,1,0
BRDA:278,26,0,0
BRDA:278,26,1,0
BRDA:281,27,0,0
BRDA:281,27,1,0
BRDA:281,28,0,0
BRDA:281,28,1,0
BRDA:290,29,0,6
BRDA:291,30,0,0
BRDA:291,30,1,6
BRDA:296,31,0,1
BRDA:296,31,1,5
BRDA:299,32,0,1
BRDA:299,32,1,1
BRDA:301,33,0,0
BRDA:301,33,1,1
BRDA:303,34,0,0
BRDA:303,34,1,1
BRDA:308,35,0,1
BRDA:308,35,1,0
BRDA:310,36,0,0
BRDA:310,36,1,0
BRDA:313,37,0,0
BRDA:313,37,1,0
BRDA:315,38,0,0
BRDA:315,38,1,0
BRDA:362,39,0,8
BRDA:362,39,1,62
BRDA:362,40,0,70
BRDA:362,40,1,10
BRDA:362,40,2,10
BRDA:371,41,0,52
BRDA:371,41,1,12
BRDA:375,42,0,10
BRDA:375,42,1,54
BRDA:378,43,0,4
BRDA:378,43,1,50
BRDA:382,44,0,8
BRDA:382,44,1,46
BRDA:386,45,0,38
BRDA:386,45,1,8
BRDA:387,46,0,6
BRDA:387,46,1,40
BRDA:407,47,0,1
BRDA:407,47,1,5
BRDA:431,48,0,2
BRDA:431,48,1,4
BRDA:431,49,0,6
BRDA:431,49,1,5
BRDA:434,50,0,2
BRDA:434,50,1,8
BRDA:441,51,0,2
BRDA:441,51,1,4
BRDA:448,52,0,1
BRDA:448,52,1,1
BRDA:448,52,2,1
BRDA:448,52,3,1
BRDA:448,52,4,1
BRDA:456,53,0,0
BRDA:456,53,1,8
BRDA:459,54,0,0
BRDA:459,54,1,0
BRDA:469,55,0,0
BRDA:469,55,1,0
BRDA:469,55,2,0
BRDA:469,55,3,0
BRDA:473,56,0,0
BRDA:473,56,1,0
BRDA:481,57,0,0
BRDA:481,57,1,0
BRDA:485,58,0,0
BRDA:485,58,1,0
BRDA:487,59,0,0
BRDA:487,59,1,0
BRDA:487,60,0,0
BRDA:487,60,1,0
BRDA:490,61,0,0
BRDA:490,61,1,0
BRDA:501,62,0,0
BRDA:501,62,1,0
BRDA:510,63,0,0
BRDA:510,63,1,0
BRDA:522,64,0,4
BRDA:522,64,1,4
BRDA:522,64,2,4
BRDA:522,64,3,4
BRDA:522,64,4,4
BRDA:542,65,0,0
BRDA:542,65,1,0
BRDA:554,66,0,0
BRDA:554,66,1,0
BRDA:559,67,0,2
BRDA:559,67,1,2
BRDA:559,67,2,2
BRDA:559,67,3,2
BRDA:565,68,0,0
BRDA:565,68,1,0
BRDA:567,69,0,0
BRDA:567,69,1,0
BRDA:569,70,0,0
BRDA:569,70,1,0
BRDA:576,71,0,0
BRDA:576,71,1,2
BRDA:576,72,0,2
BRDA:576,72,1,2
BRDA:583,73,0,0
BRDA:583,74,0,0
BRDA:584,75,0,0
BRDA:584,75,1,0
BRDA:585,76,0,0
BRDA:585,76,1,0
BRDA:602,77,0,0
BRDA:602,77,1,0
BRDA:603,78,0,0
BRDA:603,78,1,0
BRDA:608,79,0,0
BRDA:608,79,1,0
BRDA:608,80,0,0
BRDA:608,80,1,0
BRDA:609,81,0,0
BRDA:609,81,1,0
BRDA:609,82,0,0
BRDA:609,82,1,0
BRDA:615,83,0,0
BRDA:615,83,1,0
BRDA:615,84,0,0
BRDA:615,84,1,0
BRDA:628,85,0,2
BRDA:628,85,1,2
BRDA:630,86,0,0
BRDA:630,86,1,2
BRDA:631,87,0,0
BRDA:631,87,1,0
BRDA:656,88,0,0
BRDA:656,88,1,2
BRDA:656,89,0,2
BRDA:656,89,1,0
BRDA:656,89,2,0
BRDA:659,90,0,0
BRDA:659,90,1,2
BRDA:659,91,0,2
BRDA:659,91,1,0
BRDA:659,91,2,0
BRDA:668,92,0,0
BRDA:668,92,1,0
BRDA:670,93,0,0
BRDA:670,93,1,0
BRF:197
BRH:62
end_of_record
TN:
SF:src/utils/test-helpers.ts
FN:1,(anonymous_0)
FN:4,(anonymous_1)
FN:17,(anonymous_2)
FN:19,(anonymous_3)
FN:20,(anonymous_4)
FNF:5
FNH:2
FNDA:8,(anonymous_0)
FNDA:54,(anonymous_1)
FNDA:0,(anonymous_2)
FNDA:0,(anonymous_3)
FNDA:0,(anonymous_4)
DA:1,6
DA:2,8
DA:4,54
DA:17,6
DA:18,0
DA:19,0
DA:20,0
DA:21,0
LF:8
LH:4
BRF:0
BRH:0
end_of_record
